<?xml version="1.0" encoding="UTF-8"?>
<robot generator="Robot 7.1.1 (Python 3.12.7 on win32)" generated="2024-11-13T09:50:26.682695" rpa="false" schemaversion="5">
<suite id="s1" name="Testsuites" source="D:\a\Test-Login\Test-Login\testsuites">
<suite id="s1-s1" name="Fe Login Test" source="D:\a\Test-Login\Test-Login\testsuites\fe_login_test.robot">
<test id="s1-s1-t1" name="Scenario 1: Positive Login" line="7">
<kw name="Launch Testing Website" owner="setup_teardown" type="SETUP">
<kw name="Main Setup" owner="setup_teardown">
<kw name="Empty Directory" owner="OperatingSystem">
<msg time="2024-11-13T09:50:26.995184" level="INFO" html="true">Listing contents of directory '&lt;a href="file://D:\a\Test-Login\Test-Login\testsuites\screenshots"&gt;D:\a\Test-Login\Test-Login\testsuites\screenshots&lt;/a&gt;'.</msg>
<msg time="2024-11-13T09:50:26.995184" level="INFO" html="true">Emptied directory '&lt;a href="file://D:\a\Test-Login\Test-Login\testsuites\screenshots"&gt;D:\a\Test-Login\Test-Login\testsuites\screenshots&lt;/a&gt;'.</msg>
<arg>testsuites/screenshots</arg>
<doc>Deletes all the content from the given directory.</doc>
<status status="PASS" start="2024-11-13T09:50:26.995184" elapsed="0.000000"/>
</kw>
<kw name="Set Screenshot Directory" owner="SeleniumLibrary">
<arg>testsuites/screenshots</arg>
<doc>Sets the directory for captured screenshots.</doc>
<status status="PASS" start="2024-11-13T09:50:27.010809" elapsed="0.000000"/>
</kw>
<kw name="Open Browser" owner="SeleniumLibrary">
<msg time="2024-11-13T09:50:27.010809" level="INFO">Opening browser 'chrome' to base url 'https://www.saucedemo.com/'.</msg>
<arg>${url}</arg>
<arg>chrome</arg>
<doc>Opens a new browser instance to the optional ``url``.</doc>
<status status="PASS" start="2024-11-13T09:50:27.010809" elapsed="43.783836"/>
</kw>
<kw name="Maximize Browser Window" owner="SeleniumLibrary">
<doc>Maximizes current browser window.</doc>
<status status="PASS" start="2024-11-13T09:51:10.794860" elapsed="0.029607"/>
</kw>
<arg>${url}</arg>
<status status="PASS" start="2024-11-13T09:50:26.995184" elapsed="43.829283"/>
</kw>
<arg>https://www.saucedemo.com/</arg>
<status status="PASS" start="2024-11-13T09:50:26.995184" elapsed="43.829283"/>
</kw>
<kw name="GIVEN I landed on" owner="fe_login_keywords">
<kw name="Wait Until Keyword Succeeds" owner="BuiltIn">
<kw name="Verify If Element Is Existing" owner="global_keywords">
<kw name="Wait Until Keyword Succeeds" owner="BuiltIn">
<kw name="Element Should Be Visible" owner="SeleniumLibrary">
<msg time="2024-11-13T09:51:11.231594" level="INFO">Element 'class=login_container' is displayed.</msg>
<arg>${locator}</arg>
<doc>Verifies that the element identified by ``locator`` is visible.</doc>
<status status="PASS" start="2024-11-13T09:51:10.826646" elapsed="0.404948"/>
</kw>
<arg>10s</arg>
<arg>1s</arg>
<arg>Element Should Be Visible</arg>
<arg>${locator}</arg>
<doc>Runs the specified keyword and retries if it fails.</doc>
<status status="PASS" start="2024-11-13T09:51:10.826646" elapsed="0.404948"/>
</kw>
<arg>${locator}</arg>
<status status="PASS" start="2024-11-13T09:51:10.826646" elapsed="0.420575"/>
</kw>
<arg>10</arg>
<arg>1s</arg>
<arg>Verify If Element Is Existing</arg>
<arg>${locator}</arg>
<doc>Runs the specified keyword and retries if it fails.</doc>
<status status="PASS" start="2024-11-13T09:51:10.825637" elapsed="0.421584"/>
</kw>
<arg>${login_page}</arg>
<status status="PASS" start="2024-11-13T09:51:10.824467" elapsed="0.422754"/>
</kw>
<kw name="AND I enter a" owner="fe_login_keywords">
<kw name="Type A Specific Text" owner="global_keywords">
<kw name="Wait Until Keyword Succeeds" owner="BuiltIn">
<kw name="Input Text" owner="SeleniumLibrary">
<msg time="2024-11-13T09:51:11.247221" level="INFO">Typing text 'standard_user' into text field 'id=user-name'.</msg>
<arg>${locator}</arg>
<arg>${text}</arg>
<doc>Types the given ``text`` into the text field identified by ``locator``.</doc>
<status status="PASS" start="2024-11-13T09:51:11.247221" elapsed="0.512360"/>
</kw>
<arg>10s</arg>
<arg>1s</arg>
<arg>Input Text</arg>
<arg>${locator}</arg>
<arg>${text}</arg>
<doc>Runs the specified keyword and retries if it fails.</doc>
<status status="PASS" start="2024-11-13T09:51:11.247221" elapsed="0.512360"/>
</kw>
<arg>${locator}</arg>
<arg>${text}</arg>
<status status="PASS" start="2024-11-13T09:51:11.247221" elapsed="0.513365"/>
</kw>
<arg>${registered_username}</arg>
<arg>${username}</arg>
<status status="PASS" start="2024-11-13T09:51:11.247221" elapsed="0.513365"/>
</kw>
<kw name="AND I enter a" owner="fe_login_keywords">
<kw name="Type A Specific Text" owner="global_keywords">
<kw name="Wait Until Keyword Succeeds" owner="BuiltIn">
<kw name="Input Text" owner="SeleniumLibrary">
<msg time="2024-11-13T09:51:11.762437" level="INFO">Typing text 'secret_sauce' into text field 'id=password'.</msg>
<arg>${locator}</arg>
<arg>${text}</arg>
<doc>Types the given ``text`` into the text field identified by ``locator``.</doc>
<status status="PASS" start="2024-11-13T09:51:11.762090" elapsed="0.095692"/>
</kw>
<arg>10s</arg>
<arg>1s</arg>
<arg>Input Text</arg>
<arg>${locator}</arg>
<arg>${text}</arg>
<doc>Runs the specified keyword and retries if it fails.</doc>
<status status="PASS" start="2024-11-13T09:51:11.761658" elapsed="0.096124"/>
</kw>
<arg>${locator}</arg>
<arg>${text}</arg>
<status status="PASS" start="2024-11-13T09:51:11.760586" elapsed="0.097196"/>
</kw>
<arg>${registered_password}</arg>
<arg>${password}</arg>
<status status="PASS" start="2024-11-13T09:51:11.760586" elapsed="0.097196"/>
</kw>
<kw name="WHEN I click" owner="fe_login_keywords">
<kw name="Click Specific Element" owner="global_keywords">
<kw name="Wait Until Keyword Succeeds" owner="BuiltIn">
<kw name="Click Element" owner="SeleniumLibrary">
<msg time="2024-11-13T09:51:11.859775" level="INFO">Clicking element 'id=login-button'.</msg>
<arg>${locator}</arg>
<doc>Click the element identified by ``locator``.</doc>
<status status="PASS" start="2024-11-13T09:51:11.858777" elapsed="0.670306"/>
</kw>
<arg>10s</arg>
<arg>1s</arg>
<arg>Click Element</arg>
<arg>${locator}</arg>
<doc>Runs the specified keyword and retries if it fails.</doc>
<status status="PASS" start="2024-11-13T09:51:11.858777" elapsed="0.670306"/>
</kw>
<arg>${locator}</arg>
<status status="PASS" start="2024-11-13T09:51:11.858777" elapsed="0.670306"/>
</kw>
<arg>${submit}</arg>
<status status="PASS" start="2024-11-13T09:51:11.857782" elapsed="0.671301"/>
</kw>
<kw name="THEN I should be redirected to the" owner="fe_login_keywords">
<kw name="Verify If Element Is Existing" owner="global_keywords">
<kw name="Wait Until Keyword Succeeds" owner="BuiltIn">
<kw name="Element Should Be Visible" owner="SeleniumLibrary">
<msg time="2024-11-13T09:51:12.548302" level="INFO">Element 'id=page_wrapper' is displayed.</msg>
<arg>${locator}</arg>
<doc>Verifies that the element identified by ``locator`` is visible.</doc>
<status status="PASS" start="2024-11-13T09:51:12.531080" elapsed="0.017222"/>
</kw>
<arg>10s</arg>
<arg>1s</arg>
<arg>Element Should Be Visible</arg>
<arg>${locator}</arg>
<doc>Runs the specified keyword and retries if it fails.</doc>
<status status="PASS" start="2024-11-13T09:51:12.531080" elapsed="0.017222"/>
</kw>
<arg>${locator}</arg>
<status status="PASS" start="2024-11-13T09:51:12.530081" elapsed="0.018221"/>
</kw>
<arg>${product_page}</arg>
<status status="PASS" start="2024-11-13T09:51:12.530081" elapsed="0.018221"/>
</kw>
<kw name="Main Teardown" owner="setup_teardown" type="TEARDOWN">
<kw name="Wait Until Keyword Succeeds" owner="BuiltIn">
<kw name="Capture Page Screenshot" owner="SeleniumLibrary">
<msg time="2024-11-13T09:51:12.601380" level="INFO" html="true">&lt;/td&gt;&lt;/tr&gt;&lt;tr&gt;&lt;td colspan="3"&gt;&lt;a href="../testsuites/screenshots/selenium-screenshot-1.png"&gt;&lt;img src="../testsuites/screenshots/selenium-screenshot-1.png" width="800px"&gt;&lt;/a&gt;</msg>
<doc>Takes a screenshot of the current page and embeds it into a log file.</doc>
<status status="PASS" start="2024-11-13T09:51:12.549307" elapsed="0.052073"/>
</kw>
<arg>10s</arg>
<arg>1s</arg>
<arg>Capture Page Screenshot</arg>
<doc>Runs the specified keyword and retries if it fails.</doc>
<status status="PASS" start="2024-11-13T09:51:12.549307" elapsed="0.052073"/>
</kw>
<kw name="Close All Browsers" owner="SeleniumLibrary">
<doc>Closes all open browsers and resets the browser cache.</doc>
<status status="PASS" start="2024-11-13T09:51:12.601380" elapsed="6.279246"/>
</kw>
<status status="PASS" start="2024-11-13T09:51:12.548302" elapsed="6.332324"/>
</kw>
<tag>1727863167021</tag>
<tag>LOGIN</tag>
<tag>POSITIVE</tag>
<status status="PASS" start="2024-11-13T09:50:26.995184" elapsed="51.885442"/>
</test>
<test id="s1-s1-t2" name="Scenario 2: Negative Username Login" line="15">
<kw name="Launch Testing Website" owner="setup_teardown" type="SETUP">
<kw name="Main Setup" owner="setup_teardown">
<kw name="Empty Directory" owner="OperatingSystem">
<msg time="2024-11-13T09:51:18.880626" level="INFO" html="true">Listing contents of directory '&lt;a href="file://D:\a\Test-Login\Test-Login\testsuites\screenshots"&gt;D:\a\Test-Login\Test-Login\testsuites\screenshots&lt;/a&gt;'.</msg>
<msg time="2024-11-13T09:51:18.880626" level="INFO" html="true">Emptied directory '&lt;a href="file://D:\a\Test-Login\Test-Login\testsuites\screenshots"&gt;D:\a\Test-Login\Test-Login\testsuites\screenshots&lt;/a&gt;'.</msg>
<arg>testsuites/screenshots</arg>
<doc>Deletes all the content from the given directory.</doc>
<status status="PASS" start="2024-11-13T09:51:18.880626" elapsed="0.000000"/>
</kw>
<kw name="Set Screenshot Directory" owner="SeleniumLibrary">
<arg>testsuites/screenshots</arg>
<doc>Sets the directory for captured screenshots.</doc>
<status status="PASS" start="2024-11-13T09:51:18.880626" elapsed="0.000000"/>
</kw>
<kw name="Open Browser" owner="SeleniumLibrary">
<msg time="2024-11-13T09:51:18.880626" level="INFO">Opening browser 'chrome' to base url 'https://www.saucedemo.com/'.</msg>
<arg>${url}</arg>
<arg>chrome</arg>
<doc>Opens a new browser instance to the optional ``url``.</doc>
<status status="PASS" start="2024-11-13T09:51:18.880626" elapsed="2.046057"/>
</kw>
<kw name="Maximize Browser Window" owner="SeleniumLibrary">
<doc>Maximizes current browser window.</doc>
<status status="PASS" start="2024-11-13T09:51:20.926683" elapsed="0.026007"/>
</kw>
<arg>${url}</arg>
<status status="PASS" start="2024-11-13T09:51:18.880626" elapsed="2.072064"/>
</kw>
<arg>https://www.saucedemo.com/</arg>
<status status="PASS" start="2024-11-13T09:51:18.880626" elapsed="2.072064"/>
</kw>
<kw name="GIVEN I landed on" owner="fe_login_keywords">
<kw name="Wait Until Keyword Succeeds" owner="BuiltIn">
<kw name="Verify If Element Is Existing" owner="global_keywords">
<kw name="Wait Until Keyword Succeeds" owner="BuiltIn">
<kw name="Element Should Be Visible" owner="SeleniumLibrary">
<msg time="2024-11-13T09:51:20.974037" level="INFO">Element 'class=login_container' is displayed.</msg>
<arg>${locator}</arg>
<doc>Verifies that the element identified by ``locator`` is visible.</doc>
<status status="PASS" start="2024-11-13T09:51:20.954689" elapsed="0.019348"/>
</kw>
<arg>10s</arg>
<arg>1s</arg>
<arg>Element Should Be Visible</arg>
<arg>${locator}</arg>
<doc>Runs the specified keyword and retries if it fails.</doc>
<status status="PASS" start="2024-11-13T09:51:20.954689" elapsed="0.019348"/>
</kw>
<arg>${locator}</arg>
<status status="PASS" start="2024-11-13T09:51:20.953696" elapsed="0.020341"/>
</kw>
<arg>10</arg>
<arg>1s</arg>
<arg>Verify If Element Is Existing</arg>
<arg>${locator}</arg>
<doc>Runs the specified keyword and retries if it fails.</doc>
<status status="PASS" start="2024-11-13T09:51:20.953696" elapsed="0.020341"/>
</kw>
<arg>${login_page}</arg>
<status status="PASS" start="2024-11-13T09:51:20.953696" elapsed="0.021340"/>
</kw>
<kw name="AND I enter a" owner="fe_login_keywords">
<kw name="Type A Specific Text" owner="global_keywords">
<kw name="Wait Until Keyword Succeeds" owner="BuiltIn">
<kw name="Input Text" owner="SeleniumLibrary">
<msg time="2024-11-13T09:51:20.976033" level="INFO">Typing text 'invalid_username' into text field 'id=user-name'.</msg>
<arg>${locator}</arg>
<arg>${text}</arg>
<doc>Types the given ``text`` into the text field identified by ``locator``.</doc>
<status status="PASS" start="2024-11-13T09:51:20.976033" elapsed="0.112442"/>
</kw>
<arg>10s</arg>
<arg>1s</arg>
<arg>Input Text</arg>
<arg>${locator}</arg>
<arg>${text}</arg>
<doc>Runs the specified keyword and retries if it fails.</doc>
<status status="PASS" start="2024-11-13T09:51:20.975036" elapsed="0.113439"/>
</kw>
<arg>${locator}</arg>
<arg>${text}</arg>
<status status="PASS" start="2024-11-13T09:51:20.975036" elapsed="0.113439"/>
</kw>
<arg>${unregistered_username}</arg>
<arg>${username}</arg>
<status status="PASS" start="2024-11-13T09:51:20.975036" elapsed="0.113439"/>
</kw>
<kw name="AND I enter a" owner="fe_login_keywords">
<kw name="Type A Specific Text" owner="global_keywords">
<kw name="Wait Until Keyword Succeeds" owner="BuiltIn">
<kw name="Input Text" owner="SeleniumLibrary">
<msg time="2024-11-13T09:51:21.089474" level="INFO">Typing text 'secret_sauce' into text field 'id=password'.</msg>
<arg>${locator}</arg>
<arg>${text}</arg>
<doc>Types the given ``text`` into the text field identified by ``locator``.</doc>
<status status="PASS" start="2024-11-13T09:51:21.089474" elapsed="0.099411"/>
</kw>
<arg>10s</arg>
<arg>1s</arg>
<arg>Input Text</arg>
<arg>${locator}</arg>
<arg>${text}</arg>
<doc>Runs the specified keyword and retries if it fails.</doc>
<status status="PASS" start="2024-11-13T09:51:21.089474" elapsed="0.099411"/>
</kw>
<arg>${locator}</arg>
<arg>${text}</arg>
<status status="PASS" start="2024-11-13T09:51:21.089474" elapsed="0.100416"/>
</kw>
<arg>${registered_password}</arg>
<arg>${password}</arg>
<status status="PASS" start="2024-11-13T09:51:21.088475" elapsed="0.101415"/>
</kw>
<kw name="WHEN I click" owner="fe_login_keywords">
<kw name="Click Specific Element" owner="global_keywords">
<kw name="Wait Until Keyword Succeeds" owner="BuiltIn">
<kw name="Click Element" owner="SeleniumLibrary">
<msg time="2024-11-13T09:51:21.191880" level="INFO">Clicking element 'id=login-button'.</msg>
<arg>${locator}</arg>
<doc>Click the element identified by ``locator``.</doc>
<status status="PASS" start="2024-11-13T09:51:21.190950" elapsed="0.069195"/>
</kw>
<arg>10s</arg>
<arg>1s</arg>
<arg>Click Element</arg>
<arg>${locator}</arg>
<doc>Runs the specified keyword and retries if it fails.</doc>
<status status="PASS" start="2024-11-13T09:51:21.190950" elapsed="0.069195"/>
</kw>
<arg>${locator}</arg>
<status status="PASS" start="2024-11-13T09:51:21.190885" elapsed="0.070031"/>
</kw>
<arg>${submit}</arg>
<status status="PASS" start="2024-11-13T09:51:21.189890" elapsed="0.071026"/>
</kw>
<kw name="THEN A message should display" owner="fe_login_keywords">
<kw name="Get Text" owner="SeleniumLibrary">
<msg time="2024-11-13T09:51:21.291439" level="INFO">${expected_message} = Epic sadface: Username and password do not match any user in this service</msg>
<var>${expected_message}</var>
<arg>${locator}</arg>
<doc>Returns the text value of the element identified by ``locator``.</doc>
<status status="PASS" start="2024-11-13T09:51:21.262122" elapsed="0.029317"/>
</kw>
<kw name="Convert To Lower Case" owner="String">
<msg time="2024-11-13T09:51:21.292443" level="INFO">${expected_message} = epic sadface: username and password do not match any user in this service</msg>
<var>${expected_message}</var>
<arg>${expected_message}</arg>
<doc>Converts string to lower case.</doc>
<status status="PASS" start="2024-11-13T09:51:21.292443" elapsed="0.000000"/>
</kw>
<kw name="Convert To Lower Case" owner="String">
<msg time="2024-11-13T09:51:21.292443" level="INFO">${actual_message} = username and password do not match any user in this service</msg>
<var>${actual_message}</var>
<arg>${text}</arg>
<doc>Converts string to lower case.</doc>
<status status="PASS" start="2024-11-13T09:51:21.292443" elapsed="0.000000"/>
</kw>
<kw name="Log" owner="BuiltIn">
<msg time="2024-11-13T09:51:21.293439" level="INFO">epic sadface: username and password do not match any user in this service</msg>
<arg>${expected_message}</arg>
<doc>Logs the given message with the given level.</doc>
<status status="PASS" start="2024-11-13T09:51:21.293439" elapsed="0.000000"/>
</kw>
<kw name="Should Contain" owner="BuiltIn">
<arg>${expected_message}</arg>
<arg>${actual_message}</arg>
<doc>Fails if ``container`` does not contain ``item`` one or more times.</doc>
<status status="PASS" start="2024-11-13T09:51:21.293439" elapsed="0.000000"/>
</kw>
<arg>${invalid_input_message}</arg>
<arg>${error_message}</arg>
<status status="PASS" start="2024-11-13T09:51:21.260916" elapsed="0.032523"/>
</kw>
<kw name="Main Teardown" owner="setup_teardown" type="TEARDOWN">
<kw name="Wait Until Keyword Succeeds" owner="BuiltIn">
<kw name="Capture Page Screenshot" owner="SeleniumLibrary">
<msg time="2024-11-13T09:51:21.340520" level="INFO" html="true">&lt;/td&gt;&lt;/tr&gt;&lt;tr&gt;&lt;td colspan="3"&gt;&lt;a href="../testsuites/screenshots/selenium-screenshot-1.png"&gt;&lt;img src="../testsuites/screenshots/selenium-screenshot-1.png" width="800px"&gt;&lt;/a&gt;</msg>
<doc>Takes a screenshot of the current page and embeds it into a log file.</doc>
<status status="PASS" start="2024-11-13T09:51:21.294484" elapsed="0.046036"/>
</kw>
<arg>10s</arg>
<arg>1s</arg>
<arg>Capture Page Screenshot</arg>
<doc>Runs the specified keyword and retries if it fails.</doc>
<status status="PASS" start="2024-11-13T09:51:21.294484" elapsed="0.046036"/>
</kw>
<kw name="Close All Browsers" owner="SeleniumLibrary">
<doc>Closes all open browsers and resets the browser cache.</doc>
<status status="PASS" start="2024-11-13T09:51:21.340520" elapsed="6.100479"/>
</kw>
<status status="PASS" start="2024-11-13T09:51:21.293439" elapsed="6.147560"/>
</kw>
<tag>1727863204556</tag>
<tag>LOGIN</tag>
<tag>NEGATIVE</tag>
<status status="PASS" start="2024-11-13T09:51:18.880626" elapsed="8.560373"/>
</test>
<test id="s1-s1-t3" name="Scenario 3: Negative Password Login" line="23">
<kw name="Launch Testing Website" owner="setup_teardown" type="SETUP">
<kw name="Main Setup" owner="setup_teardown">
<kw name="Empty Directory" owner="OperatingSystem">
<msg time="2024-11-13T09:51:27.440999" level="INFO" html="true">Listing contents of directory '&lt;a href="file://D:\a\Test-Login\Test-Login\testsuites\screenshots"&gt;D:\a\Test-Login\Test-Login\testsuites\screenshots&lt;/a&gt;'.</msg>
<msg time="2024-11-13T09:51:27.440999" level="INFO" html="true">Emptied directory '&lt;a href="file://D:\a\Test-Login\Test-Login\testsuites\screenshots"&gt;D:\a\Test-Login\Test-Login\testsuites\screenshots&lt;/a&gt;'.</msg>
<arg>testsuites/screenshots</arg>
<doc>Deletes all the content from the given directory.</doc>
<status status="PASS" start="2024-11-13T09:51:27.440999" elapsed="0.000000"/>
</kw>
<kw name="Set Screenshot Directory" owner="SeleniumLibrary">
<arg>testsuites/screenshots</arg>
<doc>Sets the directory for captured screenshots.</doc>
<status status="PASS" start="2024-11-13T09:51:27.440999" elapsed="0.000000"/>
</kw>
<kw name="Open Browser" owner="SeleniumLibrary">
<msg time="2024-11-13T09:51:27.440999" level="INFO">Opening browser 'chrome' to base url 'https://www.saucedemo.com/'.</msg>
<arg>${url}</arg>
<arg>chrome</arg>
<doc>Opens a new browser instance to the optional ``url``.</doc>
<status status="PASS" start="2024-11-13T09:51:27.440999" elapsed="1.700310"/>
</kw>
<kw name="Maximize Browser Window" owner="SeleniumLibrary">
<doc>Maximizes current browser window.</doc>
<status status="PASS" start="2024-11-13T09:51:29.142292" elapsed="0.368526"/>
</kw>
<arg>${url}</arg>
<status status="PASS" start="2024-11-13T09:51:27.440999" elapsed="2.069819"/>
</kw>
<arg>https://www.saucedemo.com/</arg>
<status status="PASS" start="2024-11-13T09:51:27.440999" elapsed="2.069819"/>
</kw>
<kw name="GIVEN I landed on" owner="fe_login_keywords">
<kw name="Wait Until Keyword Succeeds" owner="BuiltIn">
<kw name="Verify If Element Is Existing" owner="global_keywords">
<kw name="Wait Until Keyword Succeeds" owner="BuiltIn">
<kw name="Element Should Be Visible" owner="SeleniumLibrary">
<msg time="2024-11-13T09:51:29.535150" level="INFO">Element 'class=login_container' is displayed.</msg>
<arg>${locator}</arg>
<doc>Verifies that the element identified by ``locator`` is visible.</doc>
<status status="PASS" start="2024-11-13T09:51:29.511813" elapsed="0.023337"/>
</kw>
<arg>10s</arg>
<arg>1s</arg>
<arg>Element Should Be Visible</arg>
<arg>${locator}</arg>
<doc>Runs the specified keyword and retries if it fails.</doc>
<status status="PASS" start="2024-11-13T09:51:29.511813" elapsed="0.023337"/>
</kw>
<arg>${locator}</arg>
<status status="PASS" start="2024-11-13T09:51:29.511813" elapsed="0.023337"/>
</kw>
<arg>10</arg>
<arg>1s</arg>
<arg>Verify If Element Is Existing</arg>
<arg>${locator}</arg>
<doc>Runs the specified keyword and retries if it fails.</doc>
<status status="PASS" start="2024-11-13T09:51:29.510818" elapsed="0.024332"/>
</kw>
<arg>${login_page}</arg>
<status status="PASS" start="2024-11-13T09:51:29.510818" elapsed="0.024332"/>
</kw>
<kw name="AND I enter a" owner="fe_login_keywords">
<kw name="Type A Specific Text" owner="global_keywords">
<kw name="Wait Until Keyword Succeeds" owner="BuiltIn">
<kw name="Input Text" owner="SeleniumLibrary">
<msg time="2024-11-13T09:51:29.536149" level="INFO">Typing text 'standard_user' into text field 'id=user-name'.</msg>
<arg>${locator}</arg>
<arg>${text}</arg>
<doc>Types the given ``text`` into the text field identified by ``locator``.</doc>
<status status="PASS" start="2024-11-13T09:51:29.536149" elapsed="0.102091"/>
</kw>
<arg>10s</arg>
<arg>1s</arg>
<arg>Input Text</arg>
<arg>${locator}</arg>
<arg>${text}</arg>
<doc>Runs the specified keyword and retries if it fails.</doc>
<status status="PASS" start="2024-11-13T09:51:29.536149" elapsed="0.102091"/>
</kw>
<arg>${locator}</arg>
<arg>${text}</arg>
<status status="PASS" start="2024-11-13T09:51:29.536149" elapsed="0.102091"/>
</kw>
<arg>${registered_username}</arg>
<arg>${username}</arg>
<status status="PASS" start="2024-11-13T09:51:29.535150" elapsed="0.103090"/>
</kw>
<kw name="AND I enter a" owner="fe_login_keywords">
<kw name="Type A Specific Text" owner="global_keywords">
<kw name="Wait Until Keyword Succeeds" owner="BuiltIn">
<kw name="Input Text" owner="SeleniumLibrary">
<msg time="2024-11-13T09:51:29.640240" level="INFO">Typing text 'invalid_password' into text field 'id=password'.</msg>
<arg>${locator}</arg>
<arg>${text}</arg>
<doc>Types the given ``text`` into the text field identified by ``locator``.</doc>
<status status="PASS" start="2024-11-13T09:51:29.639238" elapsed="0.105562"/>
</kw>
<arg>10s</arg>
<arg>1s</arg>
<arg>Input Text</arg>
<arg>${locator}</arg>
<arg>${text}</arg>
<doc>Runs the specified keyword and retries if it fails.</doc>
<status status="PASS" start="2024-11-13T09:51:29.639238" elapsed="0.105562"/>
</kw>
<arg>${locator}</arg>
<arg>${text}</arg>
<status status="PASS" start="2024-11-13T09:51:29.639238" elapsed="0.105562"/>
</kw>
<arg>${unregistered_password}</arg>
<arg>${password}</arg>
<status status="PASS" start="2024-11-13T09:51:29.639238" elapsed="0.105562"/>
</kw>
<kw name="WHEN I click" owner="fe_login_keywords">
<kw name="Click Specific Element" owner="global_keywords">
<kw name="Wait Until Keyword Succeeds" owner="BuiltIn">
<kw name="Click Element" owner="SeleniumLibrary">
<msg time="2024-11-13T09:51:29.745801" level="INFO">Clicking element 'id=login-button'.</msg>
<arg>${locator}</arg>
<doc>Click the element identified by ``locator``.</doc>
<status status="PASS" start="2024-11-13T09:51:29.745801" elapsed="0.077359"/>
</kw>
<arg>10s</arg>
<arg>1s</arg>
<arg>Click Element</arg>
<arg>${locator}</arg>
<doc>Runs the specified keyword and retries if it fails.</doc>
<status status="PASS" start="2024-11-13T09:51:29.745801" elapsed="0.077359"/>
</kw>
<arg>${locator}</arg>
<status status="PASS" start="2024-11-13T09:51:29.744800" elapsed="0.078360"/>
</kw>
<arg>${submit}</arg>
<status status="PASS" start="2024-11-13T09:51:29.744800" elapsed="0.078360"/>
</kw>
<kw name="THEN A message should display" owner="fe_login_keywords">
<kw name="Get Text" owner="SeleniumLibrary">
<msg time="2024-11-13T09:51:29.845590" level="INFO">${expected_message} = Epic sadface: Username and password do not match any user in this service</msg>
<var>${expected_message}</var>
<arg>${locator}</arg>
<doc>Returns the text value of the element identified by ``locator``.</doc>
<status status="PASS" start="2024-11-13T09:51:29.824155" elapsed="0.021435"/>
</kw>
<kw name="Convert To Lower Case" owner="String">
<msg time="2024-11-13T09:51:29.846598" level="INFO">${expected_message} = epic sadface: username and password do not match any user in this service</msg>
<var>${expected_message}</var>
<arg>${expected_message}</arg>
<doc>Converts string to lower case.</doc>
<status status="PASS" start="2024-11-13T09:51:29.845590" elapsed="0.001008"/>
</kw>
<kw name="Convert To Lower Case" owner="String">
<msg time="2024-11-13T09:51:29.846598" level="INFO">${actual_message} = username and password do not match any user in this service</msg>
<var>${actual_message}</var>
<arg>${text}</arg>
<doc>Converts string to lower case.</doc>
<status status="PASS" start="2024-11-13T09:51:29.846598" elapsed="0.000000"/>
</kw>
<kw name="Log" owner="BuiltIn">
<msg time="2024-11-13T09:51:29.846598" level="INFO">epic sadface: username and password do not match any user in this service</msg>
<arg>${expected_message}</arg>
<doc>Logs the given message with the given level.</doc>
<status status="PASS" start="2024-11-13T09:51:29.846598" elapsed="0.000000"/>
</kw>
<kw name="Should Contain" owner="BuiltIn">
<arg>${expected_message}</arg>
<arg>${actual_message}</arg>
<doc>Fails if ``container`` does not contain ``item`` one or more times.</doc>
<status status="PASS" start="2024-11-13T09:51:29.846598" elapsed="0.000000"/>
</kw>
<arg>${invalid_input_message}</arg>
<arg>${error_message}</arg>
<status status="PASS" start="2024-11-13T09:51:29.823160" elapsed="0.024437"/>
</kw>
<kw name="Main Teardown" owner="setup_teardown" type="TEARDOWN">
<kw name="Wait Until Keyword Succeeds" owner="BuiltIn">
<kw name="Capture Page Screenshot" owner="SeleniumLibrary">
<msg time="2024-11-13T09:51:29.902967" level="INFO" html="true">&lt;/td&gt;&lt;/tr&gt;&lt;tr&gt;&lt;td colspan="3"&gt;&lt;a href="../testsuites/screenshots/selenium-screenshot-1.png"&gt;&lt;img src="../testsuites/screenshots/selenium-screenshot-1.png" width="800px"&gt;&lt;/a&gt;</msg>
<doc>Takes a screenshot of the current page and embeds it into a log file.</doc>
<status status="PASS" start="2024-11-13T09:51:29.847597" elapsed="0.055370"/>
</kw>
<arg>10s</arg>
<arg>1s</arg>
<arg>Capture Page Screenshot</arg>
<doc>Runs the specified keyword and retries if it fails.</doc>
<status status="PASS" start="2024-11-13T09:51:29.847597" elapsed="0.055370"/>
</kw>
<kw name="Close All Browsers" owner="SeleniumLibrary">
<doc>Closes all open browsers and resets the browser cache.</doc>
<status status="PASS" start="2024-11-13T09:51:29.902967" elapsed="6.096805"/>
</kw>
<status status="PASS" start="2024-11-13T09:51:29.847597" elapsed="6.152175"/>
</kw>
<tag>1727863246041</tag>
<tag>LOGIN</tag>
<tag>NEGATIVE</tag>
<status status="PASS" start="2024-11-13T09:51:27.440999" elapsed="8.558773"/>
</test>
<test id="s1-s1-t4" name="Scenario 4: Empty Username Login" line="31">
<kw name="Launch Testing Website" owner="setup_teardown" type="SETUP">
<kw name="Main Setup" owner="setup_teardown">
<kw name="Empty Directory" owner="OperatingSystem">
<msg time="2024-11-13T09:51:35.999772" level="INFO" html="true">Listing contents of directory '&lt;a href="file://D:\a\Test-Login\Test-Login\testsuites\screenshots"&gt;D:\a\Test-Login\Test-Login\testsuites\screenshots&lt;/a&gt;'.</msg>
<msg time="2024-11-13T09:51:35.999772" level="INFO" html="true">Emptied directory '&lt;a href="file://D:\a\Test-Login\Test-Login\testsuites\screenshots"&gt;D:\a\Test-Login\Test-Login\testsuites\screenshots&lt;/a&gt;'.</msg>
<arg>testsuites/screenshots</arg>
<doc>Deletes all the content from the given directory.</doc>
<status status="PASS" start="2024-11-13T09:51:35.999772" elapsed="0.000000"/>
</kw>
<kw name="Set Screenshot Directory" owner="SeleniumLibrary">
<arg>testsuites/screenshots</arg>
<doc>Sets the directory for captured screenshots.</doc>
<status status="PASS" start="2024-11-13T09:51:35.999772" elapsed="0.000000"/>
</kw>
<kw name="Open Browser" owner="SeleniumLibrary">
<msg time="2024-11-13T09:51:35.999772" level="INFO">Opening browser 'chrome' to base url 'https://www.saucedemo.com/'.</msg>
<arg>${url}</arg>
<arg>chrome</arg>
<doc>Opens a new browser instance to the optional ``url``.</doc>
<status status="PASS" start="2024-11-13T09:51:35.999772" elapsed="2.080710"/>
</kw>
<kw name="Maximize Browser Window" owner="SeleniumLibrary">
<doc>Maximizes current browser window.</doc>
<status status="PASS" start="2024-11-13T09:51:38.080482" elapsed="0.024753"/>
</kw>
<arg>${url}</arg>
<status status="PASS" start="2024-11-13T09:51:35.999772" elapsed="2.106461"/>
</kw>
<arg>https://www.saucedemo.com/</arg>
<status status="PASS" start="2024-11-13T09:51:35.999772" elapsed="2.106461"/>
</kw>
<kw name="GIVEN I landed on" owner="fe_login_keywords">
<kw name="Wait Until Keyword Succeeds" owner="BuiltIn">
<kw name="Verify If Element Is Existing" owner="global_keywords">
<kw name="Wait Until Keyword Succeeds" owner="BuiltIn">
<kw name="Element Should Be Visible" owner="SeleniumLibrary">
<msg time="2024-11-13T09:51:38.127326" level="INFO">Element 'class=login_container' is displayed.</msg>
<arg>${locator}</arg>
<doc>Verifies that the element identified by ``locator`` is visible.</doc>
<status status="PASS" start="2024-11-13T09:51:38.107367" elapsed="0.019959"/>
</kw>
<arg>10s</arg>
<arg>1s</arg>
<arg>Element Should Be Visible</arg>
<arg>${locator}</arg>
<doc>Runs the specified keyword and retries if it fails.</doc>
<status status="PASS" start="2024-11-13T09:51:38.107367" elapsed="0.019959"/>
</kw>
<arg>${locator}</arg>
<status status="PASS" start="2024-11-13T09:51:38.106233" elapsed="0.022100"/>
</kw>
<arg>10</arg>
<arg>1s</arg>
<arg>Verify If Element Is Existing</arg>
<arg>${locator}</arg>
<doc>Runs the specified keyword and retries if it fails.</doc>
<status status="PASS" start="2024-11-13T09:51:38.106233" elapsed="0.022100"/>
</kw>
<arg>${login_page}</arg>
<status status="PASS" start="2024-11-13T09:51:38.106233" elapsed="0.022100"/>
</kw>
<kw name="AND I enter a" owner="fe_login_keywords">
<kw name="Type A Specific Text" owner="global_keywords">
<kw name="Wait Until Keyword Succeeds" owner="BuiltIn">
<kw name="Input Text" owner="SeleniumLibrary">
<msg time="2024-11-13T09:51:38.130330" level="INFO">Typing text 'invalid_password' into text field 'id=password'.</msg>
<arg>${locator}</arg>
<arg>${text}</arg>
<doc>Types the given ``text`` into the text field identified by ``locator``.</doc>
<status status="PASS" start="2024-11-13T09:51:38.129325" elapsed="0.103902"/>
</kw>
<arg>10s</arg>
<arg>1s</arg>
<arg>Input Text</arg>
<arg>${locator}</arg>
<arg>${text}</arg>
<doc>Runs the specified keyword and retries if it fails.</doc>
<status status="PASS" start="2024-11-13T09:51:38.129325" elapsed="0.103902"/>
</kw>
<arg>${locator}</arg>
<arg>${text}</arg>
<status status="PASS" start="2024-11-13T09:51:38.128333" elapsed="0.104894"/>
</kw>
<arg>${unregistered_password}</arg>
<arg>${password}</arg>
<status status="PASS" start="2024-11-13T09:51:38.128333" elapsed="0.104894"/>
</kw>
<kw name="WHEN I click" owner="fe_login_keywords">
<kw name="Click Specific Element" owner="global_keywords">
<kw name="Wait Until Keyword Succeeds" owner="BuiltIn">
<kw name="Click Element" owner="SeleniumLibrary">
<msg time="2024-11-13T09:51:38.234236" level="INFO">Clicking element 'id=login-button'.</msg>
<arg>${locator}</arg>
<doc>Click the element identified by ``locator``.</doc>
<status status="PASS" start="2024-11-13T09:51:38.234236" elapsed="0.070406"/>
</kw>
<arg>10s</arg>
<arg>1s</arg>
<arg>Click Element</arg>
<arg>${locator}</arg>
<doc>Runs the specified keyword and retries if it fails.</doc>
<status status="PASS" start="2024-11-13T09:51:38.234236" elapsed="0.070406"/>
</kw>
<arg>${locator}</arg>
<status status="PASS" start="2024-11-13T09:51:38.233227" elapsed="0.072417"/>
</kw>
<arg>${submit}</arg>
<status status="PASS" start="2024-11-13T09:51:38.233227" elapsed="0.072417"/>
</kw>
<kw name="THEN A message should display" owner="fe_login_keywords">
<kw name="Get Text" owner="SeleniumLibrary">
<msg time="2024-11-13T09:51:38.328391" level="INFO">${expected_message} = Epic sadface: Username is required</msg>
<var>${expected_message}</var>
<arg>${locator}</arg>
<doc>Returns the text value of the element identified by ``locator``.</doc>
<status status="PASS" start="2024-11-13T09:51:38.305644" elapsed="0.022747"/>
</kw>
<kw name="Convert To Lower Case" owner="String">
<msg time="2024-11-13T09:51:38.328391" level="INFO">${expected_message} = epic sadface: username is required</msg>
<var>${expected_message}</var>
<arg>${expected_message}</arg>
<doc>Converts string to lower case.</doc>
<status status="PASS" start="2024-11-13T09:51:38.328391" elapsed="0.000000"/>
</kw>
<kw name="Convert To Lower Case" owner="String">
<msg time="2024-11-13T09:51:38.329393" level="INFO">${actual_message} = username is required</msg>
<var>${actual_message}</var>
<arg>${text}</arg>
<doc>Converts string to lower case.</doc>
<status status="PASS" start="2024-11-13T09:51:38.329393" elapsed="0.000000"/>
</kw>
<kw name="Log" owner="BuiltIn">
<msg time="2024-11-13T09:51:38.329393" level="INFO">epic sadface: username is required</msg>
<arg>${expected_message}</arg>
<doc>Logs the given message with the given level.</doc>
<status status="PASS" start="2024-11-13T09:51:38.329393" elapsed="0.000000"/>
</kw>
<kw name="Should Contain" owner="BuiltIn">
<arg>${expected_message}</arg>
<arg>${actual_message}</arg>
<doc>Fails if ``container`` does not contain ``item`` one or more times.</doc>
<status status="PASS" start="2024-11-13T09:51:38.329393" elapsed="0.000000"/>
</kw>
<arg>${require_username_message}</arg>
<arg>${error_message}</arg>
<status status="PASS" start="2024-11-13T09:51:38.305644" elapsed="0.023749"/>
</kw>
<kw name="Main Teardown" owner="setup_teardown" type="TEARDOWN">
<kw name="Wait Until Keyword Succeeds" owner="BuiltIn">
<kw name="Capture Page Screenshot" owner="SeleniumLibrary">
<msg time="2024-11-13T09:51:38.393043" level="INFO" html="true">&lt;/td&gt;&lt;/tr&gt;&lt;tr&gt;&lt;td colspan="3"&gt;&lt;a href="../testsuites/screenshots/selenium-screenshot-1.png"&gt;&lt;img src="../testsuites/screenshots/selenium-screenshot-1.png" width="800px"&gt;&lt;/a&gt;</msg>
<doc>Takes a screenshot of the current page and embeds it into a log file.</doc>
<status status="PASS" start="2024-11-13T09:51:38.330392" elapsed="0.062651"/>
</kw>
<arg>10s</arg>
<arg>1s</arg>
<arg>Capture Page Screenshot</arg>
<doc>Runs the specified keyword and retries if it fails.</doc>
<status status="PASS" start="2024-11-13T09:51:38.330392" elapsed="0.062651"/>
</kw>
<kw name="Close All Browsers" owner="SeleniumLibrary">
<doc>Closes all open browsers and resets the browser cache.</doc>
<status status="PASS" start="2024-11-13T09:51:38.393043" elapsed="6.092439"/>
</kw>
<status status="PASS" start="2024-11-13T09:51:38.330392" elapsed="6.155090"/>
</kw>
<tag>1727863267274</tag>
<tag>LOGIN</tag>
<tag>NEGATIVE</tag>
<status status="PASS" start="2024-11-13T09:51:35.999772" elapsed="8.485710"/>
</test>
<test id="s1-s1-t5" name="Scenario 5: Empty Password Login" line="38">
<kw name="Launch Testing Website" owner="setup_teardown" type="SETUP">
<kw name="Main Setup" owner="setup_teardown">
<kw name="Empty Directory" owner="OperatingSystem">
<msg time="2024-11-13T09:51:44.485482" level="INFO" html="true">Listing contents of directory '&lt;a href="file://D:\a\Test-Login\Test-Login\testsuites\screenshots"&gt;D:\a\Test-Login\Test-Login\testsuites\screenshots&lt;/a&gt;'.</msg>
<msg time="2024-11-13T09:51:44.485482" level="INFO" html="true">Emptied directory '&lt;a href="file://D:\a\Test-Login\Test-Login\testsuites\screenshots"&gt;D:\a\Test-Login\Test-Login\testsuites\screenshots&lt;/a&gt;'.</msg>
<arg>testsuites/screenshots</arg>
<doc>Deletes all the content from the given directory.</doc>
<status status="PASS" start="2024-11-13T09:51:44.485482" elapsed="0.000000"/>
</kw>
<kw name="Set Screenshot Directory" owner="SeleniumLibrary">
<arg>testsuites/screenshots</arg>
<doc>Sets the directory for captured screenshots.</doc>
<status status="PASS" start="2024-11-13T09:51:44.485482" elapsed="0.000000"/>
</kw>
<kw name="Open Browser" owner="SeleniumLibrary">
<msg time="2024-11-13T09:51:44.485482" level="INFO">Opening browser 'chrome' to base url 'https://www.saucedemo.com/'.</msg>
<arg>${url}</arg>
<arg>chrome</arg>
<doc>Opens a new browser instance to the optional ``url``.</doc>
<status status="PASS" start="2024-11-13T09:51:44.485482" elapsed="1.878307"/>
</kw>
<kw name="Maximize Browser Window" owner="SeleniumLibrary">
<doc>Maximizes current browser window.</doc>
<status status="PASS" start="2024-11-13T09:51:46.364790" elapsed="0.410620"/>
</kw>
<arg>${url}</arg>
<status status="PASS" start="2024-11-13T09:51:44.485482" elapsed="2.289928"/>
</kw>
<arg>https://www.saucedemo.com/</arg>
<status status="PASS" start="2024-11-13T09:51:44.485482" elapsed="2.289928"/>
</kw>
<kw name="GIVEN I landed on" owner="fe_login_keywords">
<kw name="Wait Until Keyword Succeeds" owner="BuiltIn">
<kw name="Verify If Element Is Existing" owner="global_keywords">
<kw name="Wait Until Keyword Succeeds" owner="BuiltIn">
<kw name="Element Should Be Visible" owner="SeleniumLibrary">
<msg time="2024-11-13T09:51:46.799368" level="INFO">Element 'class=login_container' is displayed.</msg>
<arg>${locator}</arg>
<doc>Verifies that the element identified by ``locator`` is visible.</doc>
<status status="PASS" start="2024-11-13T09:51:46.777540" elapsed="0.021828"/>
</kw>
<arg>10s</arg>
<arg>1s</arg>
<arg>Element Should Be Visible</arg>
<arg>${locator}</arg>
<doc>Runs the specified keyword and retries if it fails.</doc>
<status status="PASS" start="2024-11-13T09:51:46.777540" elapsed="0.021828"/>
</kw>
<arg>${locator}</arg>
<status status="PASS" start="2024-11-13T09:51:46.777540" elapsed="0.021828"/>
</kw>
<arg>10</arg>
<arg>1s</arg>
<arg>Verify If Element Is Existing</arg>
<arg>${locator}</arg>
<doc>Runs the specified keyword and retries if it fails.</doc>
<status status="PASS" start="2024-11-13T09:51:46.776423" elapsed="0.022945"/>
</kw>
<arg>${login_page}</arg>
<status status="PASS" start="2024-11-13T09:51:46.776423" elapsed="0.022945"/>
</kw>
<kw name="AND I enter a" owner="fe_login_keywords">
<kw name="Type A Specific Text" owner="global_keywords">
<kw name="Wait Until Keyword Succeeds" owner="BuiltIn">
<kw name="Input Text" owner="SeleniumLibrary">
<msg time="2024-11-13T09:51:46.801362" level="INFO">Typing text 'invalid_username' into text field 'id=user-name'.</msg>
<arg>${locator}</arg>
<arg>${text}</arg>
<doc>Types the given ``text`` into the text field identified by ``locator``.</doc>
<status status="PASS" start="2024-11-13T09:51:46.800364" elapsed="0.121881"/>
</kw>
<arg>10s</arg>
<arg>1s</arg>
<arg>Input Text</arg>
<arg>${locator}</arg>
<arg>${text}</arg>
<doc>Runs the specified keyword and retries if it fails.</doc>
<status status="PASS" start="2024-11-13T09:51:46.800364" elapsed="0.121881"/>
</kw>
<arg>${locator}</arg>
<arg>${text}</arg>
<status status="PASS" start="2024-11-13T09:51:46.800364" elapsed="0.122890"/>
</kw>
<arg>${unregistered_username}</arg>
<arg>${username}</arg>
<status status="PASS" start="2024-11-13T09:51:46.799368" elapsed="0.123886"/>
</kw>
<kw name="WHEN I click" owner="fe_login_keywords">
<kw name="Click Specific Element" owner="global_keywords">
<kw name="Wait Until Keyword Succeeds" owner="BuiltIn">
<kw name="Click Element" owner="SeleniumLibrary">
<msg time="2024-11-13T09:51:46.924254" level="INFO">Clicking element 'id=login-button'.</msg>
<arg>${locator}</arg>
<doc>Click the element identified by ``locator``.</doc>
<status status="PASS" start="2024-11-13T09:51:46.924254" elapsed="0.060882"/>
</kw>
<arg>10s</arg>
<arg>1s</arg>
<arg>Click Element</arg>
<arg>${locator}</arg>
<doc>Runs the specified keyword and retries if it fails.</doc>
<status status="PASS" start="2024-11-13T09:51:46.924254" elapsed="0.060882"/>
</kw>
<arg>${locator}</arg>
<status status="PASS" start="2024-11-13T09:51:46.923254" elapsed="0.061882"/>
</kw>
<arg>${submit}</arg>
<status status="PASS" start="2024-11-13T09:51:46.923254" elapsed="0.061882"/>
</kw>
<kw name="THEN A message should display" owner="fe_login_keywords">
<kw name="Get Text" owner="SeleniumLibrary">
<msg time="2024-11-13T09:51:47.021700" level="INFO">${expected_message} = Epic sadface: Password is required</msg>
<var>${expected_message}</var>
<arg>${locator}</arg>
<doc>Returns the text value of the element identified by ``locator``.</doc>
<status status="PASS" start="2024-11-13T09:51:46.986137" elapsed="0.035563"/>
</kw>
<kw name="Convert To Lower Case" owner="String">
<msg time="2024-11-13T09:51:47.022694" level="INFO">${expected_message} = epic sadface: password is required</msg>
<var>${expected_message}</var>
<arg>${expected_message}</arg>
<doc>Converts string to lower case.</doc>
<status status="PASS" start="2024-11-13T09:51:47.022694" elapsed="0.000000"/>
</kw>
<kw name="Convert To Lower Case" owner="String">
<msg time="2024-11-13T09:51:47.022694" level="INFO">${actual_message} = password is required</msg>
<var>${actual_message}</var>
<arg>${text}</arg>
<doc>Converts string to lower case.</doc>
<status status="PASS" start="2024-11-13T09:51:47.022694" elapsed="0.000000"/>
</kw>
<kw name="Log" owner="BuiltIn">
<msg time="2024-11-13T09:51:47.023686" level="INFO">epic sadface: password is required</msg>
<arg>${expected_message}</arg>
<doc>Logs the given message with the given level.</doc>
<status status="PASS" start="2024-11-13T09:51:47.022694" elapsed="0.000992"/>
</kw>
<kw name="Should Contain" owner="BuiltIn">
<arg>${expected_message}</arg>
<arg>${actual_message}</arg>
<doc>Fails if ``container`` does not contain ``item`` one or more times.</doc>
<status status="PASS" start="2024-11-13T09:51:47.024690" elapsed="0.000000"/>
</kw>
<arg>${require_password_message}</arg>
<arg>${error_message}</arg>
<status status="PASS" start="2024-11-13T09:51:46.985136" elapsed="0.039554"/>
</kw>
<kw name="Main Teardown" owner="setup_teardown" type="TEARDOWN">
<kw name="Wait Until Keyword Succeeds" owner="BuiltIn">
<kw name="Capture Page Screenshot" owner="SeleniumLibrary">
<msg time="2024-11-13T09:51:47.074961" level="INFO" html="true">&lt;/td&gt;&lt;/tr&gt;&lt;tr&gt;&lt;td colspan="3"&gt;&lt;a href="../testsuites/screenshots/selenium-screenshot-1.png"&gt;&lt;img src="../testsuites/screenshots/selenium-screenshot-1.png" width="800px"&gt;&lt;/a&gt;</msg>
<doc>Takes a screenshot of the current page and embeds it into a log file.</doc>
<status status="PASS" start="2024-11-13T09:51:47.025690" elapsed="0.049271"/>
</kw>
<arg>10s</arg>
<arg>1s</arg>
<arg>Capture Page Screenshot</arg>
<doc>Runs the specified keyword and retries if it fails.</doc>
<status status="PASS" start="2024-11-13T09:51:47.025690" elapsed="0.049271"/>
</kw>
<kw name="Close All Browsers" owner="SeleniumLibrary">
<doc>Closes all open browsers and resets the browser cache.</doc>
<status status="PASS" start="2024-11-13T09:51:47.076051" elapsed="6.096988"/>
</kw>
<status status="PASS" start="2024-11-13T09:51:47.024690" elapsed="6.148349"/>
</kw>
<tag>1727863300910</tag>
<tag>LOGIN</tag>
<tag>NEGATIVE</tag>
<status status="PASS" start="2024-11-13T09:51:44.485482" elapsed="8.687557"/>
</test>
<status status="PASS" start="2024-11-13T09:50:26.713933" elapsed="86.459106"/>
</suite>
<status status="PASS" start="2024-11-13T09:50:26.698309" elapsed="86.474730"/>
</suite>
<statistics>
<total>
<stat pass="5" fail="0" skip="0">All Tests</stat>
</total>
<tag>
<stat pass="1" fail="0" skip="0">1727863167021</stat>
<stat pass="1" fail="0" skip="0">1727863204556</stat>
<stat pass="1" fail="0" skip="0">1727863246041</stat>
<stat pass="1" fail="0" skip="0">1727863267274</stat>
<stat pass="1" fail="0" skip="0">1727863300910</stat>
<stat pass="5" fail="0" skip="0">LOGIN</stat>
<stat pass="4" fail="0" skip="0">NEGATIVE</stat>
<stat pass="1" fail="0" skip="0">POSITIVE</stat>
</tag>
<suite>
<stat pass="5" fail="0" skip="0" id="s1" name="Testsuites">Testsuites</stat>
<stat pass="5" fail="0" skip="0" id="s1-s1" name="Fe Login Test">Testsuites.Fe Login Test</stat>
</suite>
</statistics>
<errors>
</errors>
</robot>
