<?xml version="1.0" encoding="UTF-8"?>
<robot generator="Robot 7.1.1 (Python 3.12.7 on win32)" generated="2024-11-13T09:44:52.581908" rpa="false" schemaversion="5">
<suite id="s1" name="Testsuites" source="D:\a\Test-Login\Test-Login\testsuites">
<suite id="s1-s1" name="Fe Login Test" source="D:\a\Test-Login\Test-Login\testsuites\fe_login_test.robot">
<test id="s1-s1-t1" name="Scenario 1: Positive Login" line="7">
<kw name="Launch Testing Website" owner="setup_teardown" type="SETUP">
<kw name="Main Setup" owner="setup_teardown">
<kw name="Empty Directory" owner="OperatingSystem">
<msg time="2024-11-13T09:44:52.972647" level="INFO" html="true">Listing contents of directory '&lt;a href="file://D:\a\Test-Login\Test-Login\testsuites\screenshots"&gt;D:\a\Test-Login\Test-Login\testsuites\screenshots&lt;/a&gt;'.</msg>
<msg time="2024-11-13T09:44:52.972647" level="INFO" html="true">Emptied directory '&lt;a href="file://D:\a\Test-Login\Test-Login\testsuites\screenshots"&gt;D:\a\Test-Login\Test-Login\testsuites\screenshots&lt;/a&gt;'.</msg>
<arg>testsuites/screenshots</arg>
<doc>Deletes all the content from the given directory.</doc>
<status status="PASS" start="2024-11-13T09:44:52.972647" elapsed="0.000000"/>
</kw>
<kw name="Set Screenshot Directory" owner="SeleniumLibrary">
<arg>testsuites/screenshots</arg>
<doc>Sets the directory for captured screenshots.</doc>
<status status="PASS" start="2024-11-13T09:44:52.972647" elapsed="0.000000"/>
</kw>
<kw name="Open Browser" owner="SeleniumLibrary">
<msg time="2024-11-13T09:44:52.972647" level="INFO">Opening browser 'chrome' to base url 'https://www.saucedemo.com/'.</msg>
<arg>${url}</arg>
<arg>chrome</arg>
<doc>Opens a new browser instance to the optional ``url``.</doc>
<status status="PASS" start="2024-11-13T09:44:52.972647" elapsed="58.151820"/>
</kw>
<kw name="Maximize Browser Window" owner="SeleniumLibrary">
<doc>Maximizes current browser window.</doc>
<status status="PASS" start="2024-11-13T09:45:51.124467" elapsed="0.023253"/>
</kw>
<arg>${url}</arg>
<status status="PASS" start="2024-11-13T09:44:52.972647" elapsed="58.176056"/>
</kw>
<arg>https://www.saucedemo.com/</arg>
<status status="PASS" start="2024-11-13T09:44:52.972647" elapsed="58.176056"/>
</kw>
<kw name="GIVEN I landed on" owner="fe_login_keywords">
<kw name="Wait Until Keyword Succeeds" owner="BuiltIn">
<kw name="Verify If Element Is Existing" owner="global_keywords">
<kw name="Wait Until Keyword Succeeds" owner="BuiltIn">
<kw name="Element Should Be Visible" owner="SeleniumLibrary">
<msg time="2024-11-13T09:45:51.450413" level="INFO">Element 'class=login_container' is displayed.</msg>
<arg>${locator}</arg>
<doc>Verifies that the element identified by ``locator`` is visible.</doc>
<status status="PASS" start="2024-11-13T09:45:51.150712" elapsed="0.299701"/>
</kw>
<arg>10s</arg>
<arg>1s</arg>
<arg>Element Should Be Visible</arg>
<arg>${locator}</arg>
<doc>Runs the specified keyword and retries if it fails.</doc>
<status status="PASS" start="2024-11-13T09:45:51.150712" elapsed="0.299701"/>
</kw>
<arg>${locator}</arg>
<status status="PASS" start="2024-11-13T09:45:51.150712" elapsed="0.299701"/>
</kw>
<arg>10</arg>
<arg>1s</arg>
<arg>Verify If Element Is Existing</arg>
<arg>${locator}</arg>
<doc>Runs the specified keyword and retries if it fails.</doc>
<status status="PASS" start="2024-11-13T09:45:51.149709" elapsed="0.300704"/>
</kw>
<arg>${login_page}</arg>
<status status="PASS" start="2024-11-13T09:45:51.148703" elapsed="0.301710"/>
</kw>
<kw name="AND I enter a" owner="fe_login_keywords">
<kw name="Type A Specific Text" owner="global_keywords">
<kw name="Wait Until Keyword Succeeds" owner="BuiltIn">
<kw name="Input Text" owner="SeleniumLibrary">
<msg time="2024-11-13T09:45:51.450413" level="INFO">Typing text 'standard_user' into text field 'id=user-name'.</msg>
<arg>${locator}</arg>
<arg>${text}</arg>
<doc>Types the given ``text`` into the text field identified by ``locator``.</doc>
<status status="PASS" start="2024-11-13T09:45:51.450413" elapsed="0.610286"/>
</kw>
<arg>10s</arg>
<arg>1s</arg>
<arg>Input Text</arg>
<arg>${locator}</arg>
<arg>${text}</arg>
<doc>Runs the specified keyword and retries if it fails.</doc>
<status status="PASS" start="2024-11-13T09:45:51.450413" elapsed="0.610286"/>
</kw>
<arg>${locator}</arg>
<arg>${text}</arg>
<status status="PASS" start="2024-11-13T09:45:51.450413" elapsed="0.610286"/>
</kw>
<arg>${registered_username}</arg>
<arg>${username}</arg>
<status status="PASS" start="2024-11-13T09:45:51.450413" elapsed="0.610286"/>
</kw>
<kw name="AND I enter a" owner="fe_login_keywords">
<kw name="Type A Specific Text" owner="global_keywords">
<kw name="Wait Until Keyword Succeeds" owner="BuiltIn">
<kw name="Input Text" owner="SeleniumLibrary">
<msg time="2024-11-13T09:45:52.061707" level="INFO">Typing text 'secret_sauce' into text field 'id=password'.</msg>
<arg>${locator}</arg>
<arg>${text}</arg>
<doc>Types the given ``text`` into the text field identified by ``locator``.</doc>
<status status="PASS" start="2024-11-13T09:45:52.061707" elapsed="0.094436"/>
</kw>
<arg>10s</arg>
<arg>1s</arg>
<arg>Input Text</arg>
<arg>${locator}</arg>
<arg>${text}</arg>
<doc>Runs the specified keyword and retries if it fails.</doc>
<status status="PASS" start="2024-11-13T09:45:52.061707" elapsed="0.094436"/>
</kw>
<arg>${locator}</arg>
<arg>${text}</arg>
<status status="PASS" start="2024-11-13T09:45:52.061707" elapsed="0.094436"/>
</kw>
<arg>${registered_password}</arg>
<arg>${password}</arg>
<status status="PASS" start="2024-11-13T09:45:52.060699" elapsed="0.095444"/>
</kw>
<kw name="WHEN I click" owner="fe_login_keywords">
<kw name="Click Specific Element" owner="global_keywords">
<kw name="Wait Until Keyword Succeeds" owner="BuiltIn">
<kw name="Click Element" owner="SeleniumLibrary">
<msg time="2024-11-13T09:45:52.158151" level="INFO">Clicking element 'id=login-button'.</msg>
<arg>${locator}</arg>
<doc>Click the element identified by ``locator``.</doc>
<status status="PASS" start="2024-11-13T09:45:52.157151" elapsed="0.981271"/>
</kw>
<arg>10s</arg>
<arg>1s</arg>
<arg>Click Element</arg>
<arg>${locator}</arg>
<doc>Runs the specified keyword and retries if it fails.</doc>
<status status="PASS" start="2024-11-13T09:45:52.157151" elapsed="0.981271"/>
</kw>
<arg>${locator}</arg>
<status status="PASS" start="2024-11-13T09:45:52.157151" elapsed="0.981271"/>
</kw>
<arg>${submit}</arg>
<status status="PASS" start="2024-11-13T09:45:52.157151" elapsed="0.981271"/>
</kw>
<kw name="THEN I should be redirected to the" owner="fe_login_keywords">
<kw name="Verify If Element Is Existing" owner="global_keywords">
<kw name="Wait Until Keyword Succeeds" owner="BuiltIn">
<kw name="Element Should Be Visible" owner="SeleniumLibrary">
<msg time="2024-11-13T09:45:53.157069" level="INFO">Element 'id=page_wrapper' is displayed.</msg>
<arg>${locator}</arg>
<doc>Verifies that the element identified by ``locator`` is visible.</doc>
<status status="PASS" start="2024-11-13T09:45:53.140430" elapsed="0.016639"/>
</kw>
<arg>10s</arg>
<arg>1s</arg>
<arg>Element Should Be Visible</arg>
<arg>${locator}</arg>
<doc>Runs the specified keyword and retries if it fails.</doc>
<status status="PASS" start="2024-11-13T09:45:53.140430" elapsed="0.016639"/>
</kw>
<arg>${locator}</arg>
<status status="PASS" start="2024-11-13T09:45:53.139426" elapsed="0.017643"/>
</kw>
<arg>${product_page}</arg>
<status status="PASS" start="2024-11-13T09:45:53.138422" elapsed="0.018647"/>
</kw>
<kw name="Main Teardown" owner="setup_teardown" type="TEARDOWN">
<kw name="Wait Until Keyword Succeeds" owner="BuiltIn">
<kw name="Capture Page Screenshot" owner="SeleniumLibrary">
<msg time="2024-11-13T09:45:53.237577" level="INFO" html="true">&lt;/td&gt;&lt;/tr&gt;&lt;tr&gt;&lt;td colspan="3"&gt;&lt;a href="../testsuites/screenshots/selenium-screenshot-1.png"&gt;&lt;img src="../testsuites/screenshots/selenium-screenshot-1.png" width="800px"&gt;&lt;/a&gt;</msg>
<doc>Takes a screenshot of the current page and embeds it into a log file.</doc>
<status status="PASS" start="2024-11-13T09:45:53.158054" elapsed="0.079523"/>
</kw>
<arg>10s</arg>
<arg>1s</arg>
<arg>Capture Page Screenshot</arg>
<doc>Runs the specified keyword and retries if it fails.</doc>
<status status="PASS" start="2024-11-13T09:45:53.158054" elapsed="0.079523"/>
</kw>
<kw name="Close All Browsers" owner="SeleniumLibrary">
<doc>Closes all open browsers and resets the browser cache.</doc>
<status status="PASS" start="2024-11-13T09:45:53.237577" elapsed="6.264252"/>
</kw>
<status status="PASS" start="2024-11-13T09:45:53.157069" elapsed="6.344760"/>
</kw>
<tag>1727863167021</tag>
<tag>LOGIN</tag>
<tag>POSITIVE</tag>
<status status="PASS" start="2024-11-13T09:44:52.972647" elapsed="66.529182"/>
</test>
<test id="s1-s1-t2" name="Scenario 2: Negative Username Login" line="15">
<kw name="Launch Testing Website" owner="setup_teardown" type="SETUP">
<kw name="Main Setup" owner="setup_teardown">
<kw name="Empty Directory" owner="OperatingSystem">
<msg time="2024-11-13T09:45:59.501829" level="INFO" html="true">Listing contents of directory '&lt;a href="file://D:\a\Test-Login\Test-Login\testsuites\screenshots"&gt;D:\a\Test-Login\Test-Login\testsuites\screenshots&lt;/a&gt;'.</msg>
<msg time="2024-11-13T09:45:59.501829" level="INFO" html="true">Emptied directory '&lt;a href="file://D:\a\Test-Login\Test-Login\testsuites\screenshots"&gt;D:\a\Test-Login\Test-Login\testsuites\screenshots&lt;/a&gt;'.</msg>
<arg>testsuites/screenshots</arg>
<doc>Deletes all the content from the given directory.</doc>
<status status="PASS" start="2024-11-13T09:45:59.501829" elapsed="0.000000"/>
</kw>
<kw name="Set Screenshot Directory" owner="SeleniumLibrary">
<arg>testsuites/screenshots</arg>
<doc>Sets the directory for captured screenshots.</doc>
<status status="PASS" start="2024-11-13T09:45:59.501829" elapsed="0.000000"/>
</kw>
<kw name="Open Browser" owner="SeleniumLibrary">
<msg time="2024-11-13T09:45:59.501829" level="INFO">Opening browser 'chrome' to base url 'https://www.saucedemo.com/'.</msg>
<arg>${url}</arg>
<arg>chrome</arg>
<doc>Opens a new browser instance to the optional ``url``.</doc>
<status status="PASS" start="2024-11-13T09:45:59.501829" elapsed="2.288879"/>
</kw>
<kw name="Maximize Browser Window" owner="SeleniumLibrary">
<doc>Maximizes current browser window.</doc>
<status status="PASS" start="2024-11-13T09:46:01.790708" elapsed="0.025068"/>
</kw>
<arg>${url}</arg>
<status status="PASS" start="2024-11-13T09:45:59.501829" elapsed="2.314185"/>
</kw>
<arg>https://www.saucedemo.com/</arg>
<status status="PASS" start="2024-11-13T09:45:59.501829" elapsed="2.314185"/>
</kw>
<kw name="GIVEN I landed on" owner="fe_login_keywords">
<kw name="Wait Until Keyword Succeeds" owner="BuiltIn">
<kw name="Verify If Element Is Existing" owner="global_keywords">
<kw name="Wait Until Keyword Succeeds" owner="BuiltIn">
<kw name="Element Should Be Visible" owner="SeleniumLibrary">
<msg time="2024-11-13T09:46:01.837425" level="INFO">Element 'class=login_container' is displayed.</msg>
<arg>${locator}</arg>
<doc>Verifies that the element identified by ``locator`` is visible.</doc>
<status status="PASS" start="2024-11-13T09:46:01.817013" elapsed="0.020412"/>
</kw>
<arg>10s</arg>
<arg>1s</arg>
<arg>Element Should Be Visible</arg>
<arg>${locator}</arg>
<doc>Runs the specified keyword and retries if it fails.</doc>
<status status="PASS" start="2024-11-13T09:46:01.817013" elapsed="0.020412"/>
</kw>
<arg>${locator}</arg>
<status status="PASS" start="2024-11-13T09:46:01.817013" elapsed="0.020412"/>
</kw>
<arg>10</arg>
<arg>1s</arg>
<arg>Verify If Element Is Existing</arg>
<arg>${locator}</arg>
<doc>Runs the specified keyword and retries if it fails.</doc>
<status status="PASS" start="2024-11-13T09:46:01.816014" elapsed="0.021411"/>
</kw>
<arg>${login_page}</arg>
<status status="PASS" start="2024-11-13T09:46:01.816014" elapsed="0.021411"/>
</kw>
<kw name="AND I enter a" owner="fe_login_keywords">
<kw name="Type A Specific Text" owner="global_keywords">
<kw name="Wait Until Keyword Succeeds" owner="BuiltIn">
<kw name="Input Text" owner="SeleniumLibrary">
<msg time="2024-11-13T09:46:01.838421" level="INFO">Typing text 'invalid_username' into text field 'id=user-name'.</msg>
<arg>${locator}</arg>
<arg>${text}</arg>
<doc>Types the given ``text`` into the text field identified by ``locator``.</doc>
<status status="PASS" start="2024-11-13T09:46:01.838421" elapsed="0.102631"/>
</kw>
<arg>10s</arg>
<arg>1s</arg>
<arg>Input Text</arg>
<arg>${locator}</arg>
<arg>${text}</arg>
<doc>Runs the specified keyword and retries if it fails.</doc>
<status status="PASS" start="2024-11-13T09:46:01.838421" elapsed="0.102631"/>
</kw>
<arg>${locator}</arg>
<arg>${text}</arg>
<status status="PASS" start="2024-11-13T09:46:01.837425" elapsed="0.103627"/>
</kw>
<arg>${unregistered_username}</arg>
<arg>${username}</arg>
<status status="PASS" start="2024-11-13T09:46:01.837425" elapsed="0.103627"/>
</kw>
<kw name="AND I enter a" owner="fe_login_keywords">
<kw name="Type A Specific Text" owner="global_keywords">
<kw name="Wait Until Keyword Succeeds" owner="BuiltIn">
<kw name="Input Text" owner="SeleniumLibrary">
<msg time="2024-11-13T09:46:01.942055" level="INFO">Typing text 'secret_sauce' into text field 'id=password'.</msg>
<arg>${locator}</arg>
<arg>${text}</arg>
<doc>Types the given ``text`` into the text field identified by ``locator``.</doc>
<status status="PASS" start="2024-11-13T09:46:01.942055" elapsed="0.097223"/>
</kw>
<arg>10s</arg>
<arg>1s</arg>
<arg>Input Text</arg>
<arg>${locator}</arg>
<arg>${text}</arg>
<doc>Runs the specified keyword and retries if it fails.</doc>
<status status="PASS" start="2024-11-13T09:46:01.942055" elapsed="0.098221"/>
</kw>
<arg>${locator}</arg>
<arg>${text}</arg>
<status status="PASS" start="2024-11-13T09:46:01.942055" elapsed="0.098221"/>
</kw>
<arg>${registered_password}</arg>
<arg>${password}</arg>
<status status="PASS" start="2024-11-13T09:46:01.941052" elapsed="0.099224"/>
</kw>
<kw name="WHEN I click" owner="fe_login_keywords">
<kw name="Click Specific Element" owner="global_keywords">
<kw name="Wait Until Keyword Succeeds" owner="BuiltIn">
<kw name="Click Element" owner="SeleniumLibrary">
<msg time="2024-11-13T09:46:02.041276" level="INFO">Clicking element 'id=login-button'.</msg>
<arg>${locator}</arg>
<doc>Click the element identified by ``locator``.</doc>
<status status="PASS" start="2024-11-13T09:46:02.041276" elapsed="0.066872"/>
</kw>
<arg>10s</arg>
<arg>1s</arg>
<arg>Click Element</arg>
<arg>${locator}</arg>
<doc>Runs the specified keyword and retries if it fails.</doc>
<status status="PASS" start="2024-11-13T09:46:02.040276" elapsed="0.067872"/>
</kw>
<arg>${locator}</arg>
<status status="PASS" start="2024-11-13T09:46:02.040276" elapsed="0.068871"/>
</kw>
<arg>${submit}</arg>
<status status="PASS" start="2024-11-13T09:46:02.040276" elapsed="0.068871"/>
</kw>
<kw name="THEN A message should display" owner="fe_login_keywords">
<kw name="Get Text" owner="SeleniumLibrary">
<msg time="2024-11-13T09:46:02.137534" level="INFO">${expected_message} = Epic sadface: Username and password do not match any user in this service</msg>
<var>${expected_message}</var>
<arg>${locator}</arg>
<doc>Returns the text value of the element identified by ``locator``.</doc>
<status status="PASS" start="2024-11-13T09:46:02.110161" elapsed="0.027373"/>
</kw>
<kw name="Convert To Lower Case" owner="String">
<msg time="2024-11-13T09:46:02.137534" level="INFO">${expected_message} = epic sadface: username and password do not match any user in this service</msg>
<var>${expected_message}</var>
<arg>${expected_message}</arg>
<doc>Converts string to lower case.</doc>
<status status="PASS" start="2024-11-13T09:46:02.137534" elapsed="0.000000"/>
</kw>
<kw name="Convert To Lower Case" owner="String">
<msg time="2024-11-13T09:46:02.137534" level="INFO">${actual_message} = username and password do not match any user in this service</msg>
<var>${actual_message}</var>
<arg>${text}</arg>
<doc>Converts string to lower case.</doc>
<status status="PASS" start="2024-11-13T09:46:02.137534" elapsed="0.000000"/>
</kw>
<kw name="Log" owner="BuiltIn">
<msg time="2024-11-13T09:46:02.137534" level="INFO">epic sadface: username and password do not match any user in this service</msg>
<arg>${expected_message}</arg>
<doc>Logs the given message with the given level.</doc>
<status status="PASS" start="2024-11-13T09:46:02.137534" elapsed="0.000000"/>
</kw>
<kw name="Should Contain" owner="BuiltIn">
<arg>${expected_message}</arg>
<arg>${actual_message}</arg>
<doc>Fails if ``container`` does not contain ``item`` one or more times.</doc>
<status status="PASS" start="2024-11-13T09:46:02.137534" elapsed="0.000000"/>
</kw>
<arg>${invalid_input_message}</arg>
<arg>${error_message}</arg>
<status status="PASS" start="2024-11-13T09:46:02.109147" elapsed="0.028387"/>
</kw>
<kw name="Main Teardown" owner="setup_teardown" type="TEARDOWN">
<kw name="Wait Until Keyword Succeeds" owner="BuiltIn">
<kw name="Capture Page Screenshot" owner="SeleniumLibrary">
<msg time="2024-11-13T09:46:02.183414" level="INFO" html="true">&lt;/td&gt;&lt;/tr&gt;&lt;tr&gt;&lt;td colspan="3"&gt;&lt;a href="../testsuites/screenshots/selenium-screenshot-1.png"&gt;&lt;img src="../testsuites/screenshots/selenium-screenshot-1.png" width="800px"&gt;&lt;/a&gt;</msg>
<doc>Takes a screenshot of the current page and embeds it into a log file.</doc>
<status status="PASS" start="2024-11-13T09:46:02.137534" elapsed="0.045880"/>
</kw>
<arg>10s</arg>
<arg>1s</arg>
<arg>Capture Page Screenshot</arg>
<doc>Runs the specified keyword and retries if it fails.</doc>
<status status="PASS" start="2024-11-13T09:46:02.137534" elapsed="0.045880"/>
</kw>
<kw name="Close All Browsers" owner="SeleniumLibrary">
<doc>Closes all open browsers and resets the browser cache.</doc>
<status status="PASS" start="2024-11-13T09:46:02.184484" elapsed="6.111181"/>
</kw>
<status status="PASS" start="2024-11-13T09:46:02.137534" elapsed="6.158131"/>
</kw>
<tag>1727863204556</tag>
<tag>LOGIN</tag>
<tag>NEGATIVE</tag>
<status status="PASS" start="2024-11-13T09:45:59.501829" elapsed="8.793836"/>
</test>
<test id="s1-s1-t3" name="Scenario 3: Negative Password Login" line="23">
<kw name="Launch Testing Website" owner="setup_teardown" type="SETUP">
<kw name="Main Setup" owner="setup_teardown">
<kw name="Empty Directory" owner="OperatingSystem">
<msg time="2024-11-13T09:46:08.295665" level="INFO" html="true">Listing contents of directory '&lt;a href="file://D:\a\Test-Login\Test-Login\testsuites\screenshots"&gt;D:\a\Test-Login\Test-Login\testsuites\screenshots&lt;/a&gt;'.</msg>
<msg time="2024-11-13T09:46:08.295665" level="INFO" html="true">Emptied directory '&lt;a href="file://D:\a\Test-Login\Test-Login\testsuites\screenshots"&gt;D:\a\Test-Login\Test-Login\testsuites\screenshots&lt;/a&gt;'.</msg>
<arg>testsuites/screenshots</arg>
<doc>Deletes all the content from the given directory.</doc>
<status status="PASS" start="2024-11-13T09:46:08.295665" elapsed="0.000000"/>
</kw>
<kw name="Set Screenshot Directory" owner="SeleniumLibrary">
<arg>testsuites/screenshots</arg>
<doc>Sets the directory for captured screenshots.</doc>
<status status="PASS" start="2024-11-13T09:46:08.295665" elapsed="0.000000"/>
</kw>
<kw name="Open Browser" owner="SeleniumLibrary">
<msg time="2024-11-13T09:46:08.295665" level="INFO">Opening browser 'chrome' to base url 'https://www.saucedemo.com/'.</msg>
<arg>${url}</arg>
<arg>chrome</arg>
<doc>Opens a new browser instance to the optional ``url``.</doc>
<status status="PASS" start="2024-11-13T09:46:08.295665" elapsed="2.277567"/>
</kw>
<kw name="Maximize Browser Window" owner="SeleniumLibrary">
<doc>Maximizes current browser window.</doc>
<status status="PASS" start="2024-11-13T09:46:10.574236" elapsed="0.028658"/>
</kw>
<arg>${url}</arg>
<status status="PASS" start="2024-11-13T09:46:08.295665" elapsed="2.307229"/>
</kw>
<arg>https://www.saucedemo.com/</arg>
<status status="PASS" start="2024-11-13T09:46:08.295665" elapsed="2.307229"/>
</kw>
<kw name="GIVEN I landed on" owner="fe_login_keywords">
<kw name="Wait Until Keyword Succeeds" owner="BuiltIn">
<kw name="Verify If Element Is Existing" owner="global_keywords">
<kw name="Wait Until Keyword Succeeds" owner="BuiltIn">
<kw name="Element Should Be Visible" owner="SeleniumLibrary">
<msg time="2024-11-13T09:46:10.626188" level="INFO">Element 'class=login_container' is displayed.</msg>
<arg>${locator}</arg>
<doc>Verifies that the element identified by ``locator`` is visible.</doc>
<status status="PASS" start="2024-11-13T09:46:10.605894" elapsed="0.020294"/>
</kw>
<arg>10s</arg>
<arg>1s</arg>
<arg>Element Should Be Visible</arg>
<arg>${locator}</arg>
<doc>Runs the specified keyword and retries if it fails.</doc>
<status status="PASS" start="2024-11-13T09:46:10.605894" elapsed="0.020294"/>
</kw>
<arg>${locator}</arg>
<status status="PASS" start="2024-11-13T09:46:10.603898" elapsed="0.022290"/>
</kw>
<arg>10</arg>
<arg>1s</arg>
<arg>Verify If Element Is Existing</arg>
<arg>${locator}</arg>
<doc>Runs the specified keyword and retries if it fails.</doc>
<status status="PASS" start="2024-11-13T09:46:10.603898" elapsed="0.022290"/>
</kw>
<arg>${login_page}</arg>
<status status="PASS" start="2024-11-13T09:46:10.602894" elapsed="0.023294"/>
</kw>
<kw name="AND I enter a" owner="fe_login_keywords">
<kw name="Type A Specific Text" owner="global_keywords">
<kw name="Wait Until Keyword Succeeds" owner="BuiltIn">
<kw name="Input Text" owner="SeleniumLibrary">
<msg time="2024-11-13T09:46:10.627189" level="INFO">Typing text 'standard_user' into text field 'id=user-name'.</msg>
<arg>${locator}</arg>
<arg>${text}</arg>
<doc>Types the given ``text`` into the text field identified by ``locator``.</doc>
<status status="PASS" start="2024-11-13T09:46:10.627189" elapsed="0.117877"/>
</kw>
<arg>10s</arg>
<arg>1s</arg>
<arg>Input Text</arg>
<arg>${locator}</arg>
<arg>${text}</arg>
<doc>Runs the specified keyword and retries if it fails.</doc>
<status status="PASS" start="2024-11-13T09:46:10.627189" elapsed="0.117877"/>
</kw>
<arg>${locator}</arg>
<arg>${text}</arg>
<status status="PASS" start="2024-11-13T09:46:10.627189" elapsed="0.117877"/>
</kw>
<arg>${registered_username}</arg>
<arg>${username}</arg>
<status status="PASS" start="2024-11-13T09:46:10.626188" elapsed="0.118878"/>
</kw>
<kw name="AND I enter a" owner="fe_login_keywords">
<kw name="Type A Specific Text" owner="global_keywords">
<kw name="Wait Until Keyword Succeeds" owner="BuiltIn">
<kw name="Input Text" owner="SeleniumLibrary">
<msg time="2024-11-13T09:46:10.747061" level="INFO">Typing text 'invalid_password' into text field 'id=password'.</msg>
<arg>${locator}</arg>
<arg>${text}</arg>
<doc>Types the given ``text`` into the text field identified by ``locator``.</doc>
<status status="PASS" start="2024-11-13T09:46:10.746065" elapsed="0.103111"/>
</kw>
<arg>10s</arg>
<arg>1s</arg>
<arg>Input Text</arg>
<arg>${locator}</arg>
<arg>${text}</arg>
<doc>Runs the specified keyword and retries if it fails.</doc>
<status status="PASS" start="2024-11-13T09:46:10.746065" elapsed="0.103111"/>
</kw>
<arg>${locator}</arg>
<arg>${text}</arg>
<status status="PASS" start="2024-11-13T09:46:10.746065" elapsed="0.103111"/>
</kw>
<arg>${unregistered_password}</arg>
<arg>${password}</arg>
<status status="PASS" start="2024-11-13T09:46:10.745066" elapsed="0.104110"/>
</kw>
<kw name="WHEN I click" owner="fe_login_keywords">
<kw name="Click Specific Element" owner="global_keywords">
<kw name="Wait Until Keyword Succeeds" owner="BuiltIn">
<kw name="Click Element" owner="SeleniumLibrary">
<msg time="2024-11-13T09:46:10.850172" level="INFO">Clicking element 'id=login-button'.</msg>
<arg>${locator}</arg>
<doc>Click the element identified by ``locator``.</doc>
<status status="PASS" start="2024-11-13T09:46:10.850172" elapsed="0.054391"/>
</kw>
<arg>10s</arg>
<arg>1s</arg>
<arg>Click Element</arg>
<arg>${locator}</arg>
<doc>Runs the specified keyword and retries if it fails.</doc>
<status status="PASS" start="2024-11-13T09:46:10.850172" elapsed="0.054901"/>
</kw>
<arg>${locator}</arg>
<status status="PASS" start="2024-11-13T09:46:10.850172" elapsed="0.054901"/>
</kw>
<arg>${submit}</arg>
<status status="PASS" start="2024-11-13T09:46:10.849176" elapsed="0.055897"/>
</kw>
<kw name="THEN A message should display" owner="fe_login_keywords">
<kw name="Get Text" owner="SeleniumLibrary">
<msg time="2024-11-13T09:46:10.926242" level="INFO">${expected_message} = Epic sadface: Username and password do not match any user in this service</msg>
<var>${expected_message}</var>
<arg>${locator}</arg>
<doc>Returns the text value of the element identified by ``locator``.</doc>
<status status="PASS" start="2024-11-13T09:46:10.905073" elapsed="0.021169"/>
</kw>
<kw name="Convert To Lower Case" owner="String">
<msg time="2024-11-13T09:46:10.926242" level="INFO">${expected_message} = epic sadface: username and password do not match any user in this service</msg>
<var>${expected_message}</var>
<arg>${expected_message}</arg>
<doc>Converts string to lower case.</doc>
<status status="PASS" start="2024-11-13T09:46:10.926242" elapsed="0.000000"/>
</kw>
<kw name="Convert To Lower Case" owner="String">
<msg time="2024-11-13T09:46:10.927225" level="INFO">${actual_message} = username and password do not match any user in this service</msg>
<var>${actual_message}</var>
<arg>${text}</arg>
<doc>Converts string to lower case.</doc>
<status status="PASS" start="2024-11-13T09:46:10.927225" elapsed="0.000000"/>
</kw>
<kw name="Log" owner="BuiltIn">
<msg time="2024-11-13T09:46:10.927225" level="INFO">epic sadface: username and password do not match any user in this service</msg>
<arg>${expected_message}</arg>
<doc>Logs the given message with the given level.</doc>
<status status="PASS" start="2024-11-13T09:46:10.927225" elapsed="0.000000"/>
</kw>
<kw name="Should Contain" owner="BuiltIn">
<arg>${expected_message}</arg>
<arg>${actual_message}</arg>
<doc>Fails if ``container`` does not contain ``item`` one or more times.</doc>
<status status="PASS" start="2024-11-13T09:46:10.927225" elapsed="0.000000"/>
</kw>
<arg>${invalid_input_message}</arg>
<arg>${error_message}</arg>
<status status="PASS" start="2024-11-13T09:46:10.905073" elapsed="0.022152"/>
</kw>
<kw name="Main Teardown" owner="setup_teardown" type="TEARDOWN">
<kw name="Wait Until Keyword Succeeds" owner="BuiltIn">
<kw name="Capture Page Screenshot" owner="SeleniumLibrary">
<msg time="2024-11-13T09:46:10.966131" level="INFO" html="true">&lt;/td&gt;&lt;/tr&gt;&lt;tr&gt;&lt;td colspan="3"&gt;&lt;a href="../testsuites/screenshots/selenium-screenshot-1.png"&gt;&lt;img src="../testsuites/screenshots/selenium-screenshot-1.png" width="800px"&gt;&lt;/a&gt;</msg>
<doc>Takes a screenshot of the current page and embeds it into a log file.</doc>
<status status="PASS" start="2024-11-13T09:46:10.928223" elapsed="0.037975"/>
</kw>
<arg>10s</arg>
<arg>1s</arg>
<arg>Capture Page Screenshot</arg>
<doc>Runs the specified keyword and retries if it fails.</doc>
<status status="PASS" start="2024-11-13T09:46:10.928223" elapsed="0.037975"/>
</kw>
<kw name="Close All Browsers" owner="SeleniumLibrary">
<doc>Closes all open browsers and resets the browser cache.</doc>
<status status="PASS" start="2024-11-13T09:46:10.966198" elapsed="6.128231"/>
</kw>
<status status="PASS" start="2024-11-13T09:46:10.928223" elapsed="6.166206"/>
</kw>
<tag>1727863246041</tag>
<tag>LOGIN</tag>
<tag>NEGATIVE</tag>
<status status="PASS" start="2024-11-13T09:46:08.295665" elapsed="8.798764"/>
</test>
<test id="s1-s1-t4" name="Scenario 4: Empty Username Login" line="31">
<kw name="Launch Testing Website" owner="setup_teardown" type="SETUP">
<kw name="Main Setup" owner="setup_teardown">
<kw name="Empty Directory" owner="OperatingSystem">
<msg time="2024-11-13T09:46:17.094429" level="INFO" html="true">Listing contents of directory '&lt;a href="file://D:\a\Test-Login\Test-Login\testsuites\screenshots"&gt;D:\a\Test-Login\Test-Login\testsuites\screenshots&lt;/a&gt;'.</msg>
<msg time="2024-11-13T09:46:17.094429" level="INFO" html="true">Emptied directory '&lt;a href="file://D:\a\Test-Login\Test-Login\testsuites\screenshots"&gt;D:\a\Test-Login\Test-Login\testsuites\screenshots&lt;/a&gt;'.</msg>
<arg>testsuites/screenshots</arg>
<doc>Deletes all the content from the given directory.</doc>
<status status="PASS" start="2024-11-13T09:46:17.094429" elapsed="0.000000"/>
</kw>
<kw name="Set Screenshot Directory" owner="SeleniumLibrary">
<arg>testsuites/screenshots</arg>
<doc>Sets the directory for captured screenshots.</doc>
<status status="PASS" start="2024-11-13T09:46:17.094429" elapsed="0.000000"/>
</kw>
<kw name="Open Browser" owner="SeleniumLibrary">
<msg time="2024-11-13T09:46:17.094429" level="INFO">Opening browser 'chrome' to base url 'https://www.saucedemo.com/'.</msg>
<arg>${url}</arg>
<arg>chrome</arg>
<doc>Opens a new browser instance to the optional ``url``.</doc>
<status status="PASS" start="2024-11-13T09:46:17.094429" elapsed="1.881401"/>
</kw>
<kw name="Maximize Browser Window" owner="SeleniumLibrary">
<doc>Maximizes current browser window.</doc>
<status status="PASS" start="2024-11-13T09:46:18.976354" elapsed="0.320350"/>
</kw>
<arg>${url}</arg>
<status status="PASS" start="2024-11-13T09:46:17.094429" elapsed="2.202275"/>
</kw>
<arg>https://www.saucedemo.com/</arg>
<status status="PASS" start="2024-11-13T09:46:17.094429" elapsed="2.202275"/>
</kw>
<kw name="GIVEN I landed on" owner="fe_login_keywords">
<kw name="Wait Until Keyword Succeeds" owner="BuiltIn">
<kw name="Verify If Element Is Existing" owner="global_keywords">
<kw name="Wait Until Keyword Succeeds" owner="BuiltIn">
<kw name="Element Should Be Visible" owner="SeleniumLibrary">
<msg time="2024-11-13T09:46:19.319736" level="INFO">Element 'class=login_container' is displayed.</msg>
<arg>${locator}</arg>
<doc>Verifies that the element identified by ``locator`` is visible.</doc>
<status status="PASS" start="2024-11-13T09:46:19.297814" elapsed="0.022383"/>
</kw>
<arg>10s</arg>
<arg>1s</arg>
<arg>Element Should Be Visible</arg>
<arg>${locator}</arg>
<doc>Runs the specified keyword and retries if it fails.</doc>
<status status="PASS" start="2024-11-13T09:46:19.297814" elapsed="0.022986"/>
</kw>
<arg>${locator}</arg>
<status status="PASS" start="2024-11-13T09:46:19.297814" elapsed="0.022986"/>
</kw>
<arg>10</arg>
<arg>1s</arg>
<arg>Verify If Element Is Existing</arg>
<arg>${locator}</arg>
<doc>Runs the specified keyword and retries if it fails.</doc>
<status status="PASS" start="2024-11-13T09:46:19.297814" elapsed="0.022986"/>
</kw>
<arg>${login_page}</arg>
<status status="PASS" start="2024-11-13T09:46:19.296704" elapsed="0.024705"/>
</kw>
<kw name="AND I enter a" owner="fe_login_keywords">
<kw name="Type A Specific Text" owner="global_keywords">
<kw name="Wait Until Keyword Succeeds" owner="BuiltIn">
<kw name="Input Text" owner="SeleniumLibrary">
<msg time="2024-11-13T09:46:19.322672" level="INFO">Typing text 'invalid_password' into text field 'id=password'.</msg>
<arg>${locator}</arg>
<arg>${text}</arg>
<doc>Types the given ``text`` into the text field identified by ``locator``.</doc>
<status status="PASS" start="2024-11-13T09:46:19.322672" elapsed="0.119322"/>
</kw>
<arg>10s</arg>
<arg>1s</arg>
<arg>Input Text</arg>
<arg>${locator}</arg>
<arg>${text}</arg>
<doc>Runs the specified keyword and retries if it fails.</doc>
<status status="PASS" start="2024-11-13T09:46:19.322672" elapsed="0.119322"/>
</kw>
<arg>${locator}</arg>
<arg>${text}</arg>
<status status="PASS" start="2024-11-13T09:46:19.322042" elapsed="0.119952"/>
</kw>
<arg>${unregistered_password}</arg>
<arg>${password}</arg>
<status status="PASS" start="2024-11-13T09:46:19.321409" elapsed="0.121127"/>
</kw>
<kw name="WHEN I click" owner="fe_login_keywords">
<kw name="Click Specific Element" owner="global_keywords">
<kw name="Wait Until Keyword Succeeds" owner="BuiltIn">
<kw name="Click Element" owner="SeleniumLibrary">
<msg time="2024-11-13T09:46:19.445115" level="INFO">Clicking element 'id=login-button'.</msg>
<arg>${locator}</arg>
<doc>Click the element identified by ``locator``.</doc>
<status status="PASS" start="2024-11-13T09:46:19.444588" elapsed="0.071161"/>
</kw>
<arg>10s</arg>
<arg>1s</arg>
<arg>Click Element</arg>
<arg>${locator}</arg>
<doc>Runs the specified keyword and retries if it fails.</doc>
<status status="PASS" start="2024-11-13T09:46:19.444264" elapsed="0.071485"/>
</kw>
<arg>${locator}</arg>
<status status="PASS" start="2024-11-13T09:46:19.443741" elapsed="0.072008"/>
</kw>
<arg>${submit}</arg>
<status status="PASS" start="2024-11-13T09:46:19.442761" elapsed="0.072988"/>
</kw>
<kw name="THEN A message should display" owner="fe_login_keywords">
<kw name="Get Text" owner="SeleniumLibrary">
<msg time="2024-11-13T09:46:19.544300" level="INFO">${expected_message} = Epic sadface: Username is required</msg>
<var>${expected_message}</var>
<arg>${locator}</arg>
<doc>Returns the text value of the element identified by ``locator``.</doc>
<status status="PASS" start="2024-11-13T09:46:19.516748" elapsed="0.027552"/>
</kw>
<kw name="Convert To Lower Case" owner="String">
<msg time="2024-11-13T09:46:19.544300" level="INFO">${expected_message} = epic sadface: username is required</msg>
<var>${expected_message}</var>
<arg>${expected_message}</arg>
<doc>Converts string to lower case.</doc>
<status status="PASS" start="2024-11-13T09:46:19.544300" elapsed="0.000000"/>
</kw>
<kw name="Convert To Lower Case" owner="String">
<msg time="2024-11-13T09:46:19.544300" level="INFO">${actual_message} = username is required</msg>
<var>${actual_message}</var>
<arg>${text}</arg>
<doc>Converts string to lower case.</doc>
<status status="PASS" start="2024-11-13T09:46:19.544300" elapsed="0.000000"/>
</kw>
<kw name="Log" owner="BuiltIn">
<msg time="2024-11-13T09:46:19.545310" level="INFO">epic sadface: username is required</msg>
<arg>${expected_message}</arg>
<doc>Logs the given message with the given level.</doc>
<status status="PASS" start="2024-11-13T09:46:19.545310" elapsed="0.000000"/>
</kw>
<kw name="Should Contain" owner="BuiltIn">
<arg>${expected_message}</arg>
<arg>${actual_message}</arg>
<doc>Fails if ``container`` does not contain ``item`` one or more times.</doc>
<status status="PASS" start="2024-11-13T09:46:19.545310" elapsed="0.000000"/>
</kw>
<arg>${require_username_message}</arg>
<arg>${error_message}</arg>
<status status="PASS" start="2024-11-13T09:46:19.516748" elapsed="0.028562"/>
</kw>
<kw name="Main Teardown" owner="setup_teardown" type="TEARDOWN">
<kw name="Wait Until Keyword Succeeds" owner="BuiltIn">
<kw name="Capture Page Screenshot" owner="SeleniumLibrary">
<msg time="2024-11-13T09:46:19.605119" level="INFO" html="true">&lt;/td&gt;&lt;/tr&gt;&lt;tr&gt;&lt;td colspan="3"&gt;&lt;a href="../testsuites/screenshots/selenium-screenshot-1.png"&gt;&lt;img src="../testsuites/screenshots/selenium-screenshot-1.png" width="800px"&gt;&lt;/a&gt;</msg>
<doc>Takes a screenshot of the current page and embeds it into a log file.</doc>
<status status="PASS" start="2024-11-13T09:46:19.546307" elapsed="0.059909"/>
</kw>
<arg>10s</arg>
<arg>1s</arg>
<arg>Capture Page Screenshot</arg>
<doc>Runs the specified keyword and retries if it fails.</doc>
<status status="PASS" start="2024-11-13T09:46:19.546307" elapsed="0.059909"/>
</kw>
<kw name="Close All Browsers" owner="SeleniumLibrary">
<doc>Closes all open browsers and resets the browser cache.</doc>
<status status="PASS" start="2024-11-13T09:46:19.606216" elapsed="6.202102"/>
</kw>
<status status="PASS" start="2024-11-13T09:46:19.545310" elapsed="6.263008"/>
</kw>
<tag>1727863267274</tag>
<tag>LOGIN</tag>
<tag>NEGATIVE</tag>
<status status="PASS" start="2024-11-13T09:46:17.094429" elapsed="8.713889"/>
</test>
<test id="s1-s1-t5" name="Scenario 5: Empty Password Login" line="38">
<kw name="Launch Testing Website" owner="setup_teardown" type="SETUP">
<kw name="Main Setup" owner="setup_teardown">
<kw name="Empty Directory" owner="OperatingSystem">
<msg time="2024-11-13T09:46:25.808318" level="INFO" html="true">Listing contents of directory '&lt;a href="file://D:\a\Test-Login\Test-Login\testsuites\screenshots"&gt;D:\a\Test-Login\Test-Login\testsuites\screenshots&lt;/a&gt;'.</msg>
<msg time="2024-11-13T09:46:25.808318" level="INFO" html="true">Emptied directory '&lt;a href="file://D:\a\Test-Login\Test-Login\testsuites\screenshots"&gt;D:\a\Test-Login\Test-Login\testsuites\screenshots&lt;/a&gt;'.</msg>
<arg>testsuites/screenshots</arg>
<doc>Deletes all the content from the given directory.</doc>
<status status="PASS" start="2024-11-13T09:46:25.808318" elapsed="0.000000"/>
</kw>
<kw name="Set Screenshot Directory" owner="SeleniumLibrary">
<arg>testsuites/screenshots</arg>
<doc>Sets the directory for captured screenshots.</doc>
<status status="PASS" start="2024-11-13T09:46:25.808318" elapsed="0.000000"/>
</kw>
<kw name="Open Browser" owner="SeleniumLibrary">
<msg time="2024-11-13T09:46:25.808318" level="INFO">Opening browser 'chrome' to base url 'https://www.saucedemo.com/'.</msg>
<arg>${url}</arg>
<arg>chrome</arg>
<doc>Opens a new browser instance to the optional ``url``.</doc>
<status status="PASS" start="2024-11-13T09:46:25.808318" elapsed="1.815340"/>
</kw>
<kw name="Maximize Browser Window" owner="SeleniumLibrary">
<doc>Maximizes current browser window.</doc>
<status status="PASS" start="2024-11-13T09:46:27.624657" elapsed="0.377258"/>
</kw>
<arg>${url}</arg>
<status status="PASS" start="2024-11-13T09:46:25.808318" elapsed="2.193597"/>
</kw>
<arg>https://www.saucedemo.com/</arg>
<status status="PASS" start="2024-11-13T09:46:25.808318" elapsed="2.193597"/>
</kw>
<kw name="GIVEN I landed on" owner="fe_login_keywords">
<kw name="Wait Until Keyword Succeeds" owner="BuiltIn">
<kw name="Verify If Element Is Existing" owner="global_keywords">
<kw name="Wait Until Keyword Succeeds" owner="BuiltIn">
<kw name="Element Should Be Visible" owner="SeleniumLibrary">
<msg time="2024-11-13T09:46:28.025872" level="INFO">Element 'class=login_container' is displayed.</msg>
<arg>${locator}</arg>
<doc>Verifies that the element identified by ``locator`` is visible.</doc>
<status status="PASS" start="2024-11-13T09:46:28.002904" elapsed="0.022968"/>
</kw>
<arg>10s</arg>
<arg>1s</arg>
<arg>Element Should Be Visible</arg>
<arg>${locator}</arg>
<doc>Runs the specified keyword and retries if it fails.</doc>
<status status="PASS" start="2024-11-13T09:46:28.002904" elapsed="0.023970"/>
</kw>
<arg>${locator}</arg>
<status status="PASS" start="2024-11-13T09:46:28.002904" elapsed="0.023970"/>
</kw>
<arg>10</arg>
<arg>1s</arg>
<arg>Verify If Element Is Existing</arg>
<arg>${locator}</arg>
<doc>Runs the specified keyword and retries if it fails.</doc>
<status status="PASS" start="2024-11-13T09:46:28.002904" elapsed="0.023970"/>
</kw>
<arg>${login_page}</arg>
<status status="PASS" start="2024-11-13T09:46:28.001915" elapsed="0.024959"/>
</kw>
<kw name="AND I enter a" owner="fe_login_keywords">
<kw name="Type A Specific Text" owner="global_keywords">
<kw name="Wait Until Keyword Succeeds" owner="BuiltIn">
<kw name="Input Text" owner="SeleniumLibrary">
<msg time="2024-11-13T09:46:28.028199" level="INFO">Typing text 'invalid_username' into text field 'id=user-name'.</msg>
<arg>${locator}</arg>
<arg>${text}</arg>
<doc>Types the given ``text`` into the text field identified by ``locator``.</doc>
<status status="PASS" start="2024-11-13T09:46:28.028199" elapsed="0.108030"/>
</kw>
<arg>10s</arg>
<arg>1s</arg>
<arg>Input Text</arg>
<arg>${locator}</arg>
<arg>${text}</arg>
<doc>Runs the specified keyword and retries if it fails.</doc>
<status status="PASS" start="2024-11-13T09:46:28.028199" elapsed="0.108030"/>
</kw>
<arg>${locator}</arg>
<arg>${text}</arg>
<status status="PASS" start="2024-11-13T09:46:28.026874" elapsed="0.110354"/>
</kw>
<arg>${unregistered_username}</arg>
<arg>${username}</arg>
<status status="PASS" start="2024-11-13T09:46:28.026874" elapsed="0.110354"/>
</kw>
<kw name="WHEN I click" owner="fe_login_keywords">
<kw name="Click Specific Element" owner="global_keywords">
<kw name="Wait Until Keyword Succeeds" owner="BuiltIn">
<kw name="Click Element" owner="SeleniumLibrary">
<msg time="2024-11-13T09:46:28.139064" level="INFO">Clicking element 'id=login-button'.</msg>
<arg>${locator}</arg>
<doc>Click the element identified by ``locator``.</doc>
<status status="PASS" start="2024-11-13T09:46:28.138715" elapsed="0.055872"/>
</kw>
<arg>10s</arg>
<arg>1s</arg>
<arg>Click Element</arg>
<arg>${locator}</arg>
<doc>Runs the specified keyword and retries if it fails.</doc>
<status status="PASS" start="2024-11-13T09:46:28.138367" elapsed="0.056220"/>
</kw>
<arg>${locator}</arg>
<status status="PASS" start="2024-11-13T09:46:28.137228" elapsed="0.057359"/>
</kw>
<arg>${submit}</arg>
<status status="PASS" start="2024-11-13T09:46:28.137228" elapsed="0.057359"/>
</kw>
<kw name="THEN A message should display" owner="fe_login_keywords">
<kw name="Get Text" owner="SeleniumLibrary">
<msg time="2024-11-13T09:46:28.229059" level="INFO">${expected_message} = Epic sadface: Password is required</msg>
<var>${expected_message}</var>
<arg>${locator}</arg>
<doc>Returns the text value of the element identified by ``locator``.</doc>
<status status="PASS" start="2024-11-13T09:46:28.195590" elapsed="0.033469"/>
</kw>
<kw name="Convert To Lower Case" owner="String">
<msg time="2024-11-13T09:46:28.230058" level="INFO">${expected_message} = epic sadface: password is required</msg>
<var>${expected_message}</var>
<arg>${expected_message}</arg>
<doc>Converts string to lower case.</doc>
<status status="PASS" start="2024-11-13T09:46:28.229059" elapsed="0.000999"/>
</kw>
<kw name="Convert To Lower Case" owner="String">
<msg time="2024-11-13T09:46:28.230058" level="INFO">${actual_message} = password is required</msg>
<var>${actual_message}</var>
<arg>${text}</arg>
<doc>Converts string to lower case.</doc>
<status status="PASS" start="2024-11-13T09:46:28.230058" elapsed="0.000000"/>
</kw>
<kw name="Log" owner="BuiltIn">
<msg time="2024-11-13T09:46:28.231427" level="INFO">epic sadface: password is required</msg>
<arg>${expected_message}</arg>
<doc>Logs the given message with the given level.</doc>
<status status="PASS" start="2024-11-13T09:46:28.231060" elapsed="0.000367"/>
</kw>
<kw name="Should Contain" owner="BuiltIn">
<arg>${expected_message}</arg>
<arg>${actual_message}</arg>
<doc>Fails if ``container`` does not contain ``item`` one or more times.</doc>
<status status="PASS" start="2024-11-13T09:46:28.231427" elapsed="0.000000"/>
</kw>
<arg>${require_password_message}</arg>
<arg>${error_message}</arg>
<status status="PASS" start="2024-11-13T09:46:28.194587" elapsed="0.036840"/>
</kw>
<kw name="Main Teardown" owner="setup_teardown" type="TEARDOWN">
<kw name="Wait Until Keyword Succeeds" owner="BuiltIn">
<kw name="Capture Page Screenshot" owner="SeleniumLibrary">
<msg time="2024-11-13T09:46:28.279829" level="INFO" html="true">&lt;/td&gt;&lt;/tr&gt;&lt;tr&gt;&lt;td colspan="3"&gt;&lt;a href="../testsuites/screenshots/selenium-screenshot-1.png"&gt;&lt;img src="../testsuites/screenshots/selenium-screenshot-1.png" width="800px"&gt;&lt;/a&gt;</msg>
<doc>Takes a screenshot of the current page and embeds it into a log file.</doc>
<status status="PASS" start="2024-11-13T09:46:28.232436" elapsed="0.047393"/>
</kw>
<arg>10s</arg>
<arg>1s</arg>
<arg>Capture Page Screenshot</arg>
<doc>Runs the specified keyword and retries if it fails.</doc>
<status status="PASS" start="2024-11-13T09:46:28.231427" elapsed="0.048402"/>
</kw>
<kw name="Close All Browsers" owner="SeleniumLibrary">
<doc>Closes all open browsers and resets the browser cache.</doc>
<status status="PASS" start="2024-11-13T09:46:28.280833" elapsed="6.075124"/>
</kw>
<status status="PASS" start="2024-11-13T09:46:28.231427" elapsed="6.124530"/>
</kw>
<tag>1727863300910</tag>
<tag>LOGIN</tag>
<tag>NEGATIVE</tag>
<status status="PASS" start="2024-11-13T09:46:25.808318" elapsed="8.547639"/>
</test>
<status status="PASS" start="2024-11-13T09:44:52.597591" elapsed="101.758366"/>
</suite>
<status status="PASS" start="2024-11-13T09:44:52.581908" elapsed="101.774049"/>
</suite>
<statistics>
<total>
<stat pass="5" fail="0" skip="0">All Tests</stat>
</total>
<tag>
<stat pass="1" fail="0" skip="0">1727863167021</stat>
<stat pass="1" fail="0" skip="0">1727863204556</stat>
<stat pass="1" fail="0" skip="0">1727863246041</stat>
<stat pass="1" fail="0" skip="0">1727863267274</stat>
<stat pass="1" fail="0" skip="0">1727863300910</stat>
<stat pass="5" fail="0" skip="0">LOGIN</stat>
<stat pass="4" fail="0" skip="0">NEGATIVE</stat>
<stat pass="1" fail="0" skip="0">POSITIVE</stat>
</tag>
<suite>
<stat pass="5" fail="0" skip="0" id="s1" name="Testsuites">Testsuites</stat>
<stat pass="5" fail="0" skip="0" id="s1-s1" name="Fe Login Test">Testsuites.Fe Login Test</stat>
</suite>
</statistics>
<errors>
</errors>
</robot>
